2025-05-30T12:20:21.027Z INFO webdriver: Initiate new session using the WebDriver protocol
2025-05-30T12:20:21.089Z INFO webdriver: [POST] http://localhost:9515/session
2025-05-30T12:20:21.089Z INFO webdriver: DATA {
  capabilities: {
    alwaysMatch: {
      browserName: 'chrome',
      acceptInsecureCerts: true,
      'goog:chromeOptions': [Object]
    },
    firstMatch: [ {} ]
  },
  desiredCapabilities: {
    browserName: 'chrome',
    acceptInsecureCerts: true,
    'goog:chromeOptions': {
      excludeSwitches: [Array],
      useAutomationExtension: true,
      prefs: [Object]
    }
  }
}
2025-05-30T12:20:23.489Z INFO webdriver: COMMAND maximizeWindow()
2025-05-30T12:20:23.490Z INFO webdriver: [POST] http://localhost:9515/session/6ee7a1088b9729691c556aee3b0e5869/window/maximize
2025-05-30T12:20:23.533Z INFO webdriver: RESULT { height: 688, width: 1296, x: -8, y: -8 }
2025-05-30T12:20:23.751Z INFO webdriver: COMMAND navigateTo("https://blockstream.info/block/000000000000000000076c036ff5119e5a5a74df77abf64203473364509f7732")
2025-05-30T12:20:23.751Z INFO webdriver: [POST] http://localhost:9515/session/6ee7a1088b9729691c556aee3b0e5869/url
2025-05-30T12:20:23.751Z INFO webdriver: DATA {
  url: 'https://blockstream.info/block/000000000000000000076c036ff5119e5a5a74df77abf64203473364509f7732'
}
2025-05-30T12:20:29.115Z INFO webdriver: COMMAND findElement("xpath", "//div[@class='transactions']/h3")
2025-05-30T12:20:29.115Z INFO webdriver: [POST] http://localhost:9515/session/6ee7a1088b9729691c556aee3b0e5869/element
2025-05-30T12:20:29.115Z INFO webdriver: DATA { using: 'xpath', value: "//div[@class='transactions']/h3" }
2025-05-30T12:20:29.132Z INFO webdriver: RESULT {
  'element-6066-11e4-a52e-4f735466cecf': 'f.D114DAEFC179864ACB0AAA7E3426E62E.d.15A1C62E005C04595DA239F76C838A89.e.36'
}
2025-05-30T12:20:29.152Z INFO webdriver: COMMAND getElementText("f.D114DAEFC179864ACB0AAA7E3426E62E.d.15A1C62E005C04595DA239F76C838A89.e.36")
2025-05-30T12:20:29.153Z INFO webdriver: [GET] http://localhost:9515/session/6ee7a1088b9729691c556aee3b0e5869/element/f.D114DAEFC179864ACB0AAA7E3426E62E.d.15A1C62E005C04595DA239F76C838A89.e.36/text
2025-05-30T12:20:29.172Z INFO webdriver: RESULT 25 of 2875 Transactions
2025-05-30T12:20:29.188Z INFO webdriver: COMMAND findElements("xpath", "//div[@class='transaction-box']")
2025-05-30T12:20:29.188Z INFO webdriver: [POST] http://localhost:9515/session/6ee7a1088b9729691c556aee3b0e5869/elements
2025-05-30T12:20:29.188Z INFO webdriver: DATA { using: 'xpath', value: "//div[@class='transaction-box']" }
2025-05-30T12:20:29.217Z INFO webdriver: RESULT [
  {
    'element-6066-11e4-a52e-4f735466cecf': 'f.D114DAEFC179864ACB0AAA7E3426E62E.d.15A1C62E005C04595DA239F76C838A89.e.37'
  },
  {
    'element-6066-11e4-a52e-4f735466cecf': 'f.D114DAEFC179864ACB0AAA7E3426E62E.d.15A1C62E005C04595DA239F76C838A89.e.38'
  },
  {
    'element-6066-11e4-a52e-4f735466cecf': 'f.D114DAEFC179864ACB0AAA7E3426E62E.d.15A1C62E005C04595DA239F76C838A89.e.39'
  },
  {
    'element-6066-11e4-a52e-4f735466cecf': 'f.D114DAEFC179864ACB0AAA7E3426E62E.d.15A1C62E005C04595DA239F76C838A89.e.40'
  },
  {
    'element-6066-11e4-a52e-4f735466cecf': 'f.D114DAEFC179864ACB0AAA7E3426E62E.d.15A1C62E005C04595DA239F76C838A89.e.41'
  },
  {
    'element-6066-11e4-a52e-4f735466cecf': 'f.D114DAEFC179864ACB0AAA7E3426E62E.d.15A1C62E005C04595DA239F76C838A89.e.42'
  },
  {
    'element-6066-11e4-a52e-4f735466cecf': 'f.D114DAEFC179864ACB0AAA7E3426E62E.d.15A1C62E005C04595DA239F76C838A89.e.43'
  },
  {
    'element-6066-11e4-a52e-4f735466cecf': 'f.D114DAEFC179864ACB0AAA7E3426E62E.d.15A1C62E005C04595DA239F76C838A89.e.44'
  },
  {
    'element-6066-11e4-a52e-4f735466cecf': 'f.D114DAEFC179864ACB0AAA7E3426E62E.d.15A1C62E005C04595DA239F76C838A89.e.45'
  },
  {
    'element-6066-11e4-a52e-4f735466cecf': 'f.D114DAEFC179864ACB0AAA7E3426E62E.d.15A1C62E005C04595DA239F76C838A89.e.46'
  },
  {
    'element-6066-11e4-a52e-4f735466cecf': 'f.D114DAEFC179864ACB0AAA7E3426E62E.d.15A1C62E005C04595DA239F76C838A89.e.47'
  },
  {
    'element-6066-11e4-a52e-4f735466cecf': 'f.D114DAEFC179864ACB0AAA7E3426E62E.d.15A1C62E005C04595DA239F76C838A89.e.48'
  },
  {
    'element-6066-11e4-a52e-4f735466cecf': 'f.D114DAEFC179864ACB0AAA7E3426E62E.d.15A1C62E005C04595DA239F76C838A89.e.49'
  },
  {
    'element-6066-11e4-a52e-4f735466cecf': 'f.D114DAEFC179864ACB0AAA7E3426E62E.d.15A1C62E005C04595DA239F76C838A89.e.50'
  },
  {
    'element-6066-11e4-a52e-4f735466cecf': 'f.D114DAEFC179864ACB0AAA7E3426E62E.d.15A1C62E005C04595DA239F76C838A89.e.51'
  },
  {
    'element-6066-11e4-a52e-4f735466cecf': 'f.D114DAEFC179864ACB0AAA7E3426E62E.d.15A1C62E005C04595DA239F76C838A89.e.52'
  },
  {
    'element-6066-11e4-a52e-4f735466cecf': 'f.D114DAEFC179864ACB0AAA7E3426E62E.d.15A1C62E005C04595DA239F76C838A89.e.53'
  },
  {
    'element-6066-11e4-a52e-4f735466cecf': 'f.D114DAEFC179864ACB0AAA7E3426E62E.d.15A1C62E005C04595DA239F76C838A89.e.54'
  },
  {
    'element-6066-11e4-a52e-4f735466cecf': 'f.D114DAEFC179864ACB0AAA7E3426E62E.d.15A1C62E005C04595DA239F76C838A89.e.55'
  },
  {
    'element-6066-11e4-a52e-4f735466cecf': 'f.D114DAEFC179864ACB0AAA7E3426E62E.d.15A1C62E005C04595DA239F76C838A89.e.56'
  },
  {
    'element-6066-11e4-a52e-4f735466cecf': 'f.D114DAEFC179864ACB0AAA7E3426E62E.d.15A1C62E005C04595DA239F76C838A89.e.57'
  },
  {
    'element-6066-11e4-a52e-4f735466cecf': 'f.D114DAEFC179864ACB0AAA7E3426E62E.d.15A1C62E005C04595DA239F76C838A89.e.58'
  },
  {
    'element-6066-11e4-a52e-4f735466cecf': 'f.D114DAEFC179864ACB0AAA7E3426E62E.d.15A1C62E005C04595DA239F76C838A89.e.59'
  },
  {
    'element-6066-11e4-a52e-4f735466cecf': 'f.D114DAEFC179864ACB0AAA7E3426E62E.d.15A1C62E005C04595DA239F76C838A89.e.60'
  },
  {
    'element-6066-11e4-a52e-4f735466cecf': 'f.D114DAEFC179864ACB0AAA7E3426E62E.d.15A1C62E005C04595DA239F76C838A89.e.61'
  }
]
2025-05-30T12:20:29.252Z INFO webdriver: COMMAND findElementsFromElement("f.D114DAEFC179864ACB0AAA7E3426E62E.d.15A1C62E005C04595DA239F76C838A89.e.37", "css selector", ".vin")
2025-05-30T12:20:29.253Z INFO webdriver: [POST] http://localhost:9515/session/6ee7a1088b9729691c556aee3b0e5869/element/f.D114DAEFC179864ACB0AAA7E3426E62E.d.15A1C62E005C04595DA239F76C838A89.e.37/elements
2025-05-30T12:20:29.253Z INFO webdriver: DATA { using: 'css selector', value: '.vin' }
2025-05-30T12:20:29.268Z INFO webdriver: RESULT [
  {
    'element-6066-11e4-a52e-4f735466cecf': 'f.D114DAEFC179864ACB0AAA7E3426E62E.d.15A1C62E005C04595DA239F76C838A89.e.62'
  }
]
2025-05-30T12:20:29.278Z INFO webdriver: COMMAND findElementsFromElement("f.D114DAEFC179864ACB0AAA7E3426E62E.d.15A1C62E005C04595DA239F76C838A89.e.37", "css selector", ".vout")
2025-05-30T12:20:29.278Z INFO webdriver: [POST] http://localhost:9515/session/6ee7a1088b9729691c556aee3b0e5869/element/f.D114DAEFC179864ACB0AAA7E3426E62E.d.15A1C62E005C04595DA239F76C838A89.e.37/elements
2025-05-30T12:20:29.278Z INFO webdriver: DATA { using: 'css selector', value: '.vout' }
2025-05-30T12:20:29.296Z INFO webdriver: RESULT [
  {
    'element-6066-11e4-a52e-4f735466cecf': 'f.D114DAEFC179864ACB0AAA7E3426E62E.d.15A1C62E005C04595DA239F76C838A89.e.63'
  },
  {
    'element-6066-11e4-a52e-4f735466cecf': 'f.D114DAEFC179864ACB0AAA7E3426E62E.d.15A1C62E005C04595DA239F76C838A89.e.64'
  },
  {
    'element-6066-11e4-a52e-4f735466cecf': 'f.D114DAEFC179864ACB0AAA7E3426E62E.d.15A1C62E005C04595DA239F76C838A89.e.65'
  },
  {
    'element-6066-11e4-a52e-4f735466cecf': 'f.D114DAEFC179864ACB0AAA7E3426E62E.d.15A1C62E005C04595DA239F76C838A89.e.66'
  }
]
2025-05-30T12:20:29.309Z INFO webdriver: COMMAND findElementsFromElement("f.D114DAEFC179864ACB0AAA7E3426E62E.d.15A1C62E005C04595DA239F76C838A89.e.38", "css selector", ".vin")
2025-05-30T12:20:29.310Z INFO webdriver: [POST] http://localhost:9515/session/6ee7a1088b9729691c556aee3b0e5869/element/f.D114DAEFC179864ACB0AAA7E3426E62E.d.15A1C62E005C04595DA239F76C838A89.e.38/elements
2025-05-30T12:20:29.310Z INFO webdriver: DATA { using: 'css selector', value: '.vin' }
2025-05-30T12:20:29.328Z INFO webdriver: RESULT [
  {
    'element-6066-11e4-a52e-4f735466cecf': 'f.D114DAEFC179864ACB0AAA7E3426E62E.d.15A1C62E005C04595DA239F76C838A89.e.67'
  }
]
2025-05-30T12:20:29.341Z INFO webdriver: COMMAND findElementsFromElement("f.D114DAEFC179864ACB0AAA7E3426E62E.d.15A1C62E005C04595DA239F76C838A89.e.38", "css selector", ".vout")
2025-05-30T12:20:29.341Z INFO webdriver: [POST] http://localhost:9515/session/6ee7a1088b9729691c556aee3b0e5869/element/f.D114DAEFC179864ACB0AAA7E3426E62E.d.15A1C62E005C04595DA239F76C838A89.e.38/elements
2025-05-30T12:20:29.341Z INFO webdriver: DATA { using: 'css selector', value: '.vout' }
2025-05-30T12:20:29.361Z INFO webdriver: RESULT [
  {
    'element-6066-11e4-a52e-4f735466cecf': 'f.D114DAEFC179864ACB0AAA7E3426E62E.d.15A1C62E005C04595DA239F76C838A89.e.68'
  },
  {
    'element-6066-11e4-a52e-4f735466cecf': 'f.D114DAEFC179864ACB0AAA7E3426E62E.d.15A1C62E005C04595DA239F76C838A89.e.69'
  }
]
2025-05-30T12:20:29.373Z INFO webdriver: COMMAND findElementsFromElement("f.D114DAEFC179864ACB0AAA7E3426E62E.d.15A1C62E005C04595DA239F76C838A89.e.39", "css selector", ".vin")
2025-05-30T12:20:29.373Z INFO webdriver: [POST] http://localhost:9515/session/6ee7a1088b9729691c556aee3b0e5869/element/f.D114DAEFC179864ACB0AAA7E3426E62E.d.15A1C62E005C04595DA239F76C838A89.e.39/elements
2025-05-30T12:20:29.373Z INFO webdriver: DATA { using: 'css selector', value: '.vin' }
2025-05-30T12:20:29.388Z INFO webdriver: RESULT [
  {
    'element-6066-11e4-a52e-4f735466cecf': 'f.D114DAEFC179864ACB0AAA7E3426E62E.d.15A1C62E005C04595DA239F76C838A89.e.70'
  },
  {
    'element-6066-11e4-a52e-4f735466cecf': 'f.D114DAEFC179864ACB0AAA7E3426E62E.d.15A1C62E005C04595DA239F76C838A89.e.71'
  }
]
2025-05-30T12:20:29.396Z INFO webdriver: COMMAND findElementsFromElement("f.D114DAEFC179864ACB0AAA7E3426E62E.d.15A1C62E005C04595DA239F76C838A89.e.39", "css selector", ".vout")
2025-05-30T12:20:29.396Z INFO webdriver: [POST] http://localhost:9515/session/6ee7a1088b9729691c556aee3b0e5869/element/f.D114DAEFC179864ACB0AAA7E3426E62E.d.15A1C62E005C04595DA239F76C838A89.e.39/elements
2025-05-30T12:20:29.396Z INFO webdriver: DATA { using: 'css selector', value: '.vout' }
2025-05-30T12:20:29.409Z INFO webdriver: RESULT [
  {
    'element-6066-11e4-a52e-4f735466cecf': 'f.D114DAEFC179864ACB0AAA7E3426E62E.d.15A1C62E005C04595DA239F76C838A89.e.72'
  },
  {
    'element-6066-11e4-a52e-4f735466cecf': 'f.D114DAEFC179864ACB0AAA7E3426E62E.d.15A1C62E005C04595DA239F76C838A89.e.73'
  }
]
2025-05-30T12:20:29.419Z INFO webdriver: COMMAND findElementsFromElement("f.D114DAEFC179864ACB0AAA7E3426E62E.d.15A1C62E005C04595DA239F76C838A89.e.40", "css selector", ".vin")
2025-05-30T12:20:29.419Z INFO webdriver: [POST] http://localhost:9515/session/6ee7a1088b9729691c556aee3b0e5869/element/f.D114DAEFC179864ACB0AAA7E3426E62E.d.15A1C62E005C04595DA239F76C838A89.e.40/elements
2025-05-30T12:20:29.419Z INFO webdriver: DATA { using: 'css selector', value: '.vin' }
2025-05-30T12:20:29.431Z INFO webdriver: RESULT [
  {
    'element-6066-11e4-a52e-4f735466cecf': 'f.D114DAEFC179864ACB0AAA7E3426E62E.d.15A1C62E005C04595DA239F76C838A89.e.74'
  },
  {
    'element-6066-11e4-a52e-4f735466cecf': 'f.D114DAEFC179864ACB0AAA7E3426E62E.d.15A1C62E005C04595DA239F76C838A89.e.75'
  },
  {
    'element-6066-11e4-a52e-4f735466cecf': 'f.D114DAEFC179864ACB0AAA7E3426E62E.d.15A1C62E005C04595DA239F76C838A89.e.76'
  }
]
2025-05-30T12:20:29.441Z INFO webdriver: COMMAND findElementsFromElement("f.D114DAEFC179864ACB0AAA7E3426E62E.d.15A1C62E005C04595DA239F76C838A89.e.40", "css selector", ".vout")
2025-05-30T12:20:29.441Z INFO webdriver: [POST] http://localhost:9515/session/6ee7a1088b9729691c556aee3b0e5869/element/f.D114DAEFC179864ACB0AAA7E3426E62E.d.15A1C62E005C04595DA239F76C838A89.e.40/elements
2025-05-30T12:20:29.441Z INFO webdriver: DATA { using: 'css selector', value: '.vout' }
2025-05-30T12:20:29.454Z INFO webdriver: RESULT [
  {
    'element-6066-11e4-a52e-4f735466cecf': 'f.D114DAEFC179864ACB0AAA7E3426E62E.d.15A1C62E005C04595DA239F76C838A89.e.77'
  }
]
2025-05-30T12:20:29.463Z INFO webdriver: COMMAND findElementsFromElement("f.D114DAEFC179864ACB0AAA7E3426E62E.d.15A1C62E005C04595DA239F76C838A89.e.41", "css selector", ".vin")
2025-05-30T12:20:29.463Z INFO webdriver: [POST] http://localhost:9515/session/6ee7a1088b9729691c556aee3b0e5869/element/f.D114DAEFC179864ACB0AAA7E3426E62E.d.15A1C62E005C04595DA239F76C838A89.e.41/elements
2025-05-30T12:20:29.463Z INFO webdriver: DATA { using: 'css selector', value: '.vin' }
2025-05-30T12:20:29.479Z INFO webdriver: RESULT [
  {
    'element-6066-11e4-a52e-4f735466cecf': 'f.D114DAEFC179864ACB0AAA7E3426E62E.d.15A1C62E005C04595DA239F76C838A89.e.78'
  }
]
2025-05-30T12:20:29.486Z INFO webdriver: COMMAND findElementsFromElement("f.D114DAEFC179864ACB0AAA7E3426E62E.d.15A1C62E005C04595DA239F76C838A89.e.41", "css selector", ".vout")
2025-05-30T12:20:29.486Z INFO webdriver: [POST] http://localhost:9515/session/6ee7a1088b9729691c556aee3b0e5869/element/f.D114DAEFC179864ACB0AAA7E3426E62E.d.15A1C62E005C04595DA239F76C838A89.e.41/elements
2025-05-30T12:20:29.486Z INFO webdriver: DATA { using: 'css selector', value: '.vout' }
2025-05-30T12:20:29.506Z INFO webdriver: RESULT [
  {
    'element-6066-11e4-a52e-4f735466cecf': 'f.D114DAEFC179864ACB0AAA7E3426E62E.d.15A1C62E005C04595DA239F76C838A89.e.79'
  },
  {
    'element-6066-11e4-a52e-4f735466cecf': 'f.D114DAEFC179864ACB0AAA7E3426E62E.d.15A1C62E005C04595DA239F76C838A89.e.80'
  },
  {
    'element-6066-11e4-a52e-4f735466cecf': 'f.D114DAEFC179864ACB0AAA7E3426E62E.d.15A1C62E005C04595DA239F76C838A89.e.81'
  },
  {
    'element-6066-11e4-a52e-4f735466cecf': 'f.D114DAEFC179864ACB0AAA7E3426E62E.d.15A1C62E005C04595DA239F76C838A89.e.82'
  },
  {
    'element-6066-11e4-a52e-4f735466cecf': 'f.D114DAEFC179864ACB0AAA7E3426E62E.d.15A1C62E005C04595DA239F76C838A89.e.83'
  },
  {
    'element-6066-11e4-a52e-4f735466cecf': 'f.D114DAEFC179864ACB0AAA7E3426E62E.d.15A1C62E005C04595DA239F76C838A89.e.84'
  },
  {
    'element-6066-11e4-a52e-4f735466cecf': 'f.D114DAEFC179864ACB0AAA7E3426E62E.d.15A1C62E005C04595DA239F76C838A89.e.85'
  },
  {
    'element-6066-11e4-a52e-4f735466cecf': 'f.D114DAEFC179864ACB0AAA7E3426E62E.d.15A1C62E005C04595DA239F76C838A89.e.86'
  },
  {
    'element-6066-11e4-a52e-4f735466cecf': 'f.D114DAEFC179864ACB0AAA7E3426E62E.d.15A1C62E005C04595DA239F76C838A89.e.87'
  },
  {
    'element-6066-11e4-a52e-4f735466cecf': 'f.D114DAEFC179864ACB0AAA7E3426E62E.d.15A1C62E005C04595DA239F76C838A89.e.88'
  },
  {
    'element-6066-11e4-a52e-4f735466cecf': 'f.D114DAEFC179864ACB0AAA7E3426E62E.d.15A1C62E005C04595DA239F76C838A89.e.89'
  }
]
2025-05-30T12:20:29.526Z INFO webdriver: COMMAND findElementsFromElement("f.D114DAEFC179864ACB0AAA7E3426E62E.d.15A1C62E005C04595DA239F76C838A89.e.42", "css selector", ".vin")
2025-05-30T12:20:29.526Z INFO webdriver: [POST] http://localhost:9515/session/6ee7a1088b9729691c556aee3b0e5869/element/f.D114DAEFC179864ACB0AAA7E3426E62E.d.15A1C62E005C04595DA239F76C838A89.e.42/elements
2025-05-30T12:20:29.526Z INFO webdriver: DATA { using: 'css selector', value: '.vin' }
2025-05-30T12:20:29.541Z INFO webdriver: RESULT [
  {
    'element-6066-11e4-a52e-4f735466cecf': 'f.D114DAEFC179864ACB0AAA7E3426E62E.d.15A1C62E005C04595DA239F76C838A89.e.90'
  },
  {
    'element-6066-11e4-a52e-4f735466cecf': 'f.D114DAEFC179864ACB0AAA7E3426E62E.d.15A1C62E005C04595DA239F76C838A89.e.91'
  },
  {
    'element-6066-11e4-a52e-4f735466cecf': 'f.D114DAEFC179864ACB0AAA7E3426E62E.d.15A1C62E005C04595DA239F76C838A89.e.92'
  },
  {
    'element-6066-11e4-a52e-4f735466cecf': 'f.D114DAEFC179864ACB0AAA7E3426E62E.d.15A1C62E005C04595DA239F76C838A89.e.93'
  },
  {
    'element-6066-11e4-a52e-4f735466cecf': 'f.D114DAEFC179864ACB0AAA7E3426E62E.d.15A1C62E005C04595DA239F76C838A89.e.94'
  },
  {
    'element-6066-11e4-a52e-4f735466cecf': 'f.D114DAEFC179864ACB0AAA7E3426E62E.d.15A1C62E005C04595DA239F76C838A89.e.95'
  },
  {
    'element-6066-11e4-a52e-4f735466cecf': 'f.D114DAEFC179864ACB0AAA7E3426E62E.d.15A1C62E005C04595DA239F76C838A89.e.96'
  },
  {
    'element-6066-11e4-a52e-4f735466cecf': 'f.D114DAEFC179864ACB0AAA7E3426E62E.d.15A1C62E005C04595DA239F76C838A89.e.97'
  },
  {
    'element-6066-11e4-a52e-4f735466cecf': 'f.D114DAEFC179864ACB0AAA7E3426E62E.d.15A1C62E005C04595DA239F76C838A89.e.98'
  },
  {
    'element-6066-11e4-a52e-4f735466cecf': 'f.D114DAEFC179864ACB0AAA7E3426E62E.d.15A1C62E005C04595DA239F76C838A89.e.99'
  },
  {
    'element-6066-11e4-a52e-4f735466cecf': 'f.D114DAEFC179864ACB0AAA7E3426E62E.d.15A1C62E005C04595DA239F76C838A89.e.100'
  },
  {
    'element-6066-11e4-a52e-4f735466cecf': 'f.D114DAEFC179864ACB0AAA7E3426E62E.d.15A1C62E005C04595DA239F76C838A89.e.101'
  },
  {
    'element-6066-11e4-a52e-4f735466cecf': 'f.D114DAEFC179864ACB0AAA7E3426E62E.d.15A1C62E005C04595DA239F76C838A89.e.102'
  },
  {
    'element-6066-11e4-a52e-4f735466cecf': 'f.D114DAEFC179864ACB0AAA7E3426E62E.d.15A1C62E005C04595DA239F76C838A89.e.103'
  },
  {
    'element-6066-11e4-a52e-4f735466cecf': 'f.D114DAEFC179864ACB0AAA7E3426E62E.d.15A1C62E005C04595DA239F76C838A89.e.104'
  }
]
2025-05-30T12:20:29.559Z INFO webdriver: COMMAND findElementsFromElement("f.D114DAEFC179864ACB0AAA7E3426E62E.d.15A1C62E005C04595DA239F76C838A89.e.42", "css selector", ".vout")
2025-05-30T12:20:29.559Z INFO webdriver: [POST] http://localhost:9515/session/6ee7a1088b9729691c556aee3b0e5869/element/f.D114DAEFC179864ACB0AAA7E3426E62E.d.15A1C62E005C04595DA239F76C838A89.e.42/elements
2025-05-30T12:20:29.560Z INFO webdriver: DATA { using: 'css selector', value: '.vout' }
2025-05-30T12:20:29.570Z INFO webdriver: RESULT [
  {
    'element-6066-11e4-a52e-4f735466cecf': 'f.D114DAEFC179864ACB0AAA7E3426E62E.d.15A1C62E005C04595DA239F76C838A89.e.105'
  },
  {
    'element-6066-11e4-a52e-4f735466cecf': 'f.D114DAEFC179864ACB0AAA7E3426E62E.d.15A1C62E005C04595DA239F76C838A89.e.106'
  },
  {
    'element-6066-11e4-a52e-4f735466cecf': 'f.D114DAEFC179864ACB0AAA7E3426E62E.d.15A1C62E005C04595DA239F76C838A89.e.107'
  },
  {
    'element-6066-11e4-a52e-4f735466cecf': 'f.D114DAEFC179864ACB0AAA7E3426E62E.d.15A1C62E005C04595DA239F76C838A89.e.108'
  },
  {
    'element-6066-11e4-a52e-4f735466cecf': 'f.D114DAEFC179864ACB0AAA7E3426E62E.d.15A1C62E005C04595DA239F76C838A89.e.109'
  },
  {
    'element-6066-11e4-a52e-4f735466cecf': 'f.D114DAEFC179864ACB0AAA7E3426E62E.d.15A1C62E005C04595DA239F76C838A89.e.110'
  }
]
2025-05-30T12:20:29.580Z INFO webdriver: COMMAND findElementsFromElement("f.D114DAEFC179864ACB0AAA7E3426E62E.d.15A1C62E005C04595DA239F76C838A89.e.43", "css selector", ".vin")
2025-05-30T12:20:29.580Z INFO webdriver: [POST] http://localhost:9515/session/6ee7a1088b9729691c556aee3b0e5869/element/f.D114DAEFC179864ACB0AAA7E3426E62E.d.15A1C62E005C04595DA239F76C838A89.e.43/elements
2025-05-30T12:20:29.580Z INFO webdriver: DATA { using: 'css selector', value: '.vin' }
2025-05-30T12:20:29.590Z INFO webdriver: RESULT [
  {
    'element-6066-11e4-a52e-4f735466cecf': 'f.D114DAEFC179864ACB0AAA7E3426E62E.d.15A1C62E005C04595DA239F76C838A89.e.111'
  }
]
2025-05-30T12:20:29.599Z INFO webdriver: COMMAND findElementsFromElement("f.D114DAEFC179864ACB0AAA7E3426E62E.d.15A1C62E005C04595DA239F76C838A89.e.43", "css selector", ".vout")
2025-05-30T12:20:29.599Z INFO webdriver: [POST] http://localhost:9515/session/6ee7a1088b9729691c556aee3b0e5869/element/f.D114DAEFC179864ACB0AAA7E3426E62E.d.15A1C62E005C04595DA239F76C838A89.e.43/elements
2025-05-30T12:20:29.599Z INFO webdriver: DATA { using: 'css selector', value: '.vout' }
2025-05-30T12:20:29.610Z INFO webdriver: RESULT [
  {
    'element-6066-11e4-a52e-4f735466cecf': 'f.D114DAEFC179864ACB0AAA7E3426E62E.d.15A1C62E005C04595DA239F76C838A89.e.112'
  },
  {
    'element-6066-11e4-a52e-4f735466cecf': 'f.D114DAEFC179864ACB0AAA7E3426E62E.d.15A1C62E005C04595DA239F76C838A89.e.113'
  },
  {
    'element-6066-11e4-a52e-4f735466cecf': 'f.D114DAEFC179864ACB0AAA7E3426E62E.d.15A1C62E005C04595DA239F76C838A89.e.114'
  },
  {
    'element-6066-11e4-a52e-4f735466cecf': 'f.D114DAEFC179864ACB0AAA7E3426E62E.d.15A1C62E005C04595DA239F76C838A89.e.115'
  },
  {
    'element-6066-11e4-a52e-4f735466cecf': 'f.D114DAEFC179864ACB0AAA7E3426E62E.d.15A1C62E005C04595DA239F76C838A89.e.116'
  },
  {
    'element-6066-11e4-a52e-4f735466cecf': 'f.D114DAEFC179864ACB0AAA7E3426E62E.d.15A1C62E005C04595DA239F76C838A89.e.117'
  }
]
2025-05-30T12:20:29.624Z INFO webdriver: COMMAND findElementsFromElement("f.D114DAEFC179864ACB0AAA7E3426E62E.d.15A1C62E005C04595DA239F76C838A89.e.44", "css selector", ".vin")
2025-05-30T12:20:29.624Z INFO webdriver: [POST] http://localhost:9515/session/6ee7a1088b9729691c556aee3b0e5869/element/f.D114DAEFC179864ACB0AAA7E3426E62E.d.15A1C62E005C04595DA239F76C838A89.e.44/elements
2025-05-30T12:20:29.624Z INFO webdriver: DATA { using: 'css selector', value: '.vin' }
2025-05-30T12:20:29.637Z INFO webdriver: RESULT [
  {
    'element-6066-11e4-a52e-4f735466cecf': 'f.D114DAEFC179864ACB0AAA7E3426E62E.d.15A1C62E005C04595DA239F76C838A89.e.118'
  }
]
2025-05-30T12:20:29.646Z INFO webdriver: COMMAND findElementsFromElement("f.D114DAEFC179864ACB0AAA7E3426E62E.d.15A1C62E005C04595DA239F76C838A89.e.44", "css selector", ".vout")
2025-05-30T12:20:29.647Z INFO webdriver: [POST] http://localhost:9515/session/6ee7a1088b9729691c556aee3b0e5869/element/f.D114DAEFC179864ACB0AAA7E3426E62E.d.15A1C62E005C04595DA239F76C838A89.e.44/elements
2025-05-30T12:20:29.647Z INFO webdriver: DATA { using: 'css selector', value: '.vout' }
2025-05-30T12:20:29.661Z INFO webdriver: RESULT [
  {
    'element-6066-11e4-a52e-4f735466cecf': 'f.D114DAEFC179864ACB0AAA7E3426E62E.d.15A1C62E005C04595DA239F76C838A89.e.119'
  }
]
2025-05-30T12:20:29.671Z INFO webdriver: COMMAND findElementsFromElement("f.D114DAEFC179864ACB0AAA7E3426E62E.d.15A1C62E005C04595DA239F76C838A89.e.45", "css selector", ".vin")
2025-05-30T12:20:29.671Z INFO webdriver: [POST] http://localhost:9515/session/6ee7a1088b9729691c556aee3b0e5869/element/f.D114DAEFC179864ACB0AAA7E3426E62E.d.15A1C62E005C04595DA239F76C838A89.e.45/elements
2025-05-30T12:20:29.671Z INFO webdriver: DATA { using: 'css selector', value: '.vin' }
2025-05-30T12:20:29.682Z INFO webdriver: RESULT [
  {
    'element-6066-11e4-a52e-4f735466cecf': 'f.D114DAEFC179864ACB0AAA7E3426E62E.d.15A1C62E005C04595DA239F76C838A89.e.120'
  },
  {
    'element-6066-11e4-a52e-4f735466cecf': 'f.D114DAEFC179864ACB0AAA7E3426E62E.d.15A1C62E005C04595DA239F76C838A89.e.121'
  },
  {
    'element-6066-11e4-a52e-4f735466cecf': 'f.D114DAEFC179864ACB0AAA7E3426E62E.d.15A1C62E005C04595DA239F76C838A89.e.122'
  },
  {
    'element-6066-11e4-a52e-4f735466cecf': 'f.D114DAEFC179864ACB0AAA7E3426E62E.d.15A1C62E005C04595DA239F76C838A89.e.123'
  },
  {
    'element-6066-11e4-a52e-4f735466cecf': 'f.D114DAEFC179864ACB0AAA7E3426E62E.d.15A1C62E005C04595DA239F76C838A89.e.124'
  },
  {
    'element-6066-11e4-a52e-4f735466cecf': 'f.D114DAEFC179864ACB0AAA7E3426E62E.d.15A1C62E005C04595DA239F76C838A89.e.125'
  },
  {
    'element-6066-11e4-a52e-4f735466cecf': 'f.D114DAEFC179864ACB0AAA7E3426E62E.d.15A1C62E005C04595DA239F76C838A89.e.126'
  },
  {
    'element-6066-11e4-a52e-4f735466cecf': 'f.D114DAEFC179864ACB0AAA7E3426E62E.d.15A1C62E005C04595DA239F76C838A89.e.127'
  },
  {
    'element-6066-11e4-a52e-4f735466cecf': 'f.D114DAEFC179864ACB0AAA7E3426E62E.d.15A1C62E005C04595DA239F76C838A89.e.128'
  },
  {
    'element-6066-11e4-a52e-4f735466cecf': 'f.D114DAEFC179864ACB0AAA7E3426E62E.d.15A1C62E005C04595DA239F76C838A89.e.129'
  },
  {
    'element-6066-11e4-a52e-4f735466cecf': 'f.D114DAEFC179864ACB0AAA7E3426E62E.d.15A1C62E005C04595DA239F76C838A89.e.130'
  }
]
2025-05-30T12:20:29.697Z INFO webdriver: COMMAND findElementsFromElement("f.D114DAEFC179864ACB0AAA7E3426E62E.d.15A1C62E005C04595DA239F76C838A89.e.45", "css selector", ".vout")
2025-05-30T12:20:29.697Z INFO webdriver: [POST] http://localhost:9515/session/6ee7a1088b9729691c556aee3b0e5869/element/f.D114DAEFC179864ACB0AAA7E3426E62E.d.15A1C62E005C04595DA239F76C838A89.e.45/elements
2025-05-30T12:20:29.697Z INFO webdriver: DATA { using: 'css selector', value: '.vout' }
2025-05-30T12:20:29.714Z INFO webdriver: RESULT [
  {
    'element-6066-11e4-a52e-4f735466cecf': 'f.D114DAEFC179864ACB0AAA7E3426E62E.d.15A1C62E005C04595DA239F76C838A89.e.131'
  },
  {
    'element-6066-11e4-a52e-4f735466cecf': 'f.D114DAEFC179864ACB0AAA7E3426E62E.d.15A1C62E005C04595DA239F76C838A89.e.132'
  },
  {
    'element-6066-11e4-a52e-4f735466cecf': 'f.D114DAEFC179864ACB0AAA7E3426E62E.d.15A1C62E005C04595DA239F76C838A89.e.133'
  },
  {
    'element-6066-11e4-a52e-4f735466cecf': 'f.D114DAEFC179864ACB0AAA7E3426E62E.d.15A1C62E005C04595DA239F76C838A89.e.134'
  },
  {
    'element-6066-11e4-a52e-4f735466cecf': 'f.D114DAEFC179864ACB0AAA7E3426E62E.d.15A1C62E005C04595DA239F76C838A89.e.135'
  },
  {
    'element-6066-11e4-a52e-4f735466cecf': 'f.D114DAEFC179864ACB0AAA7E3426E62E.d.15A1C62E005C04595DA239F76C838A89.e.136'
  },
  {
    'element-6066-11e4-a52e-4f735466cecf': 'f.D114DAEFC179864ACB0AAA7E3426E62E.d.15A1C62E005C04595DA239F76C838A89.e.137'
  },
  {
    'element-6066-11e4-a52e-4f735466cecf': 'f.D114DAEFC179864ACB0AAA7E3426E62E.d.15A1C62E005C04595DA239F76C838A89.e.138'
  },
  {
    'element-6066-11e4-a52e-4f735466cecf': 'f.D114DAEFC179864ACB0AAA7E3426E62E.d.15A1C62E005C04595DA239F76C838A89.e.139'
  },
  {
    'element-6066-11e4-a52e-4f735466cecf': 'f.D114DAEFC179864ACB0AAA7E3426E62E.d.15A1C62E005C04595DA239F76C838A89.e.140'
  },
  {
    'element-6066-11e4-a52e-4f735466cecf': 'f.D114DAEFC179864ACB0AAA7E3426E62E.d.15A1C62E005C04595DA239F76C838A89.e.141'
  },
  {
    'element-6066-11e4-a52e-4f735466cecf': 'f.D114DAEFC179864ACB0AAA7E3426E62E.d.15A1C62E005C04595DA239F76C838A89.e.142'
  },
  {
    'element-6066-11e4-a52e-4f735466cecf': 'f.D114DAEFC179864ACB0AAA7E3426E62E.d.15A1C62E005C04595DA239F76C838A89.e.143'
  },
  {
    'element-6066-11e4-a52e-4f735466cecf': 'f.D114DAEFC179864ACB0AAA7E3426E62E.d.15A1C62E005C04595DA239F76C838A89.e.144'
  },
  {
    'element-6066-11e4-a52e-4f735466cecf': 'f.D114DAEFC179864ACB0AAA7E3426E62E.d.15A1C62E005C04595DA239F76C838A89.e.145'
  },
  {
    'element-6066-11e4-a52e-4f735466cecf': 'f.D114DAEFC179864ACB0AAA7E3426E62E.d.15A1C62E005C04595DA239F76C838A89.e.146'
  },
  {
    'element-6066-11e4-a52e-4f735466cecf': 'f.D114DAEFC179864ACB0AAA7E3426E62E.d.15A1C62E005C04595DA239F76C838A89.e.147'
  },
  {
    'element-6066-11e4-a52e-4f735466cecf': 'f.D114DAEFC179864ACB0AAA7E3426E62E.d.15A1C62E005C04595DA239F76C838A89.e.148'
  },
  {
    'element-6066-11e4-a52e-4f735466cecf': 'f.D114DAEFC179864ACB0AAA7E3426E62E.d.15A1C62E005C04595DA239F76C838A89.e.149'
  },
  {
    'element-6066-11e4-a52e-4f735466cecf': 'f.D114DAEFC179864ACB0AAA7E3426E62E.d.15A1C62E005C04595DA239F76C838A89.e.150'
  },
  {
    'element-6066-11e4-a52e-4f735466cecf': 'f.D114DAEFC179864ACB0AAA7E3426E62E.d.15A1C62E005C04595DA239F76C838A89.e.151'
  },
  {
    'element-6066-11e4-a52e-4f735466cecf': 'f.D114DAEFC179864ACB0AAA7E3426E62E.d.15A1C62E005C04595DA239F76C838A89.e.152'
  },
  {
    'element-6066-11e4-a52e-4f735466cecf': 'f.D114DAEFC179864ACB0AAA7E3426E62E.d.15A1C62E005C04595DA239F76C838A89.e.153'
  },
  {
    'element-6066-11e4-a52e-4f735466cecf': 'f.D114DAEFC179864ACB0AAA7E3426E62E.d.15A1C62E005C04595DA239F76C838A89.e.154'
  },
  {
    'element-6066-11e4-a52e-4f735466cecf': 'f.D114DAEFC179864ACB0AAA7E3426E62E.d.15A1C62E005C04595DA239F76C838A89.e.155'
  },
  {
    'element-6066-11e4-a52e-4f735466cecf': 'f.D114DAEFC179864ACB0AAA7E3426E62E.d.15A1C62E005C04595DA239F76C838A89.e.156'
  },
  {
    'element-6066-11e4-a52e-4f735466cecf': 'f.D114DAEFC179864ACB0AAA7E3426E62E.d.15A1C62E005C04595DA239F76C838A89.e.157'
  },
  {
    'element-6066-11e4-a52e-4f735466cecf': 'f.D114DAEFC179864ACB0AAA7E3426E62E.d.15A1C62E005C04595DA239F76C838A89.e.158'
  },
  {
    'element-6066-11e4-a52e-4f735466cecf': 'f.D114DAEFC179864ACB0AAA7E3426E62E.d.15A1C62E005C04595DA239F76C838A89.e.159'
  },
  {
    'element-6066-11e4-a52e-4f735466cecf': 'f.D114DAEFC179864ACB0AAA7E3426E62E.d.15A1C62E005C04595DA239F76C838A89.e.160'
  },
  {
    'element-6066-11e4-a52e-4f735466cecf': 'f.D114DAEFC179864ACB0AAA7E3426E62E.d.15A1C62E005C04595DA239F76C838A89.e.161'
  },
  {
    'element-6066-11e4-a52e-4f735466cecf': 'f.D114DAEFC179864ACB0AAA7E3426E62E.d.15A1C62E005C04595DA239F76C838A89.e.162'
  },
  {
    'element-6066-11e4-a52e-4f735466cecf': 'f.D114DAEFC179864ACB0AAA7E3426E62E.d.15A1C62E005C04595DA239F76C838A89.e.163'
  },
  {
    'element-6066-11e4-a52e-4f735466cecf': 'f.D114DAEFC179864ACB0AAA7E3426E62E.d.15A1C62E005C04595DA239F76C838A89.e.164'
  },
  {
    'element-6066-11e4-a52e-4f735466cecf': 'f.D114DAEFC179864ACB0AAA7E3426E62E.d.15A1C62E005C04595DA239F76C838A89.e.165'
  },
  {
    'element-6066-11e4-a52e-4f735466cecf': 'f.D114DAEFC179864ACB0AAA7E3426E62E.d.15A1C62E005C04595DA239F76C838A89.e.166'
  },
  {
    'element-6066-11e4-a52e-4f735466cecf': 'f.D114DAEFC179864ACB0AAA7E3426E62E.d.15A1C62E005C04595DA239F76C838A89.e.167'
  },
  {
    'element-6066-11e4-a52e-4f735466cecf': 'f.D114DAEFC179864ACB0AAA7E3426E62E.d.15A1C62E005C04595DA239F76C838A89.e.168'
  },
  {
    'element-6066-11e4-a52e-4f735466cecf': 'f.D114DAEFC179864ACB0AAA7E3426E62E.d.15A1C62E005C04595DA239F76C838A89.e.169'
  },
  {
    'element-6066-11e4-a52e-4f735466cecf': 'f.D114DAEFC179864ACB0AAA7E3426E62E.d.15A1C62E005C04595DA239F76C838A89.e.170'
  },
  {
    'element-6066-11e4-a52e-4f735466cecf': 'f.D114DAEFC179864ACB0AAA7E3426E62E.d.15A1C62E005C04595DA239F76C838A89.e.171'
  },
  {
    'element-6066-11e4-a52e-4f735466cecf': 'f.D114DAEFC179864ACB0AAA7E3426E62E.d.15A1C62E005C04595DA239F76C838A89.e.172'
  },
  {
    'element-6066-11e4-a52e-4f735466cecf': 'f.D114DAEFC179864ACB0AAA7E3426E62E.d.15A1C62E005C04595DA239F76C838A89.e.173'
  },
  {
    'element-6066-11e4-a52e-4f735466cecf': 'f.D114DAEFC179864ACB0AAA7E3426E62E.d.15A1C62E005C04595DA239F76C838A89.e.174'
  }
]
2025-05-30T12:20:29.768Z INFO webdriver: COMMAND findElementsFromElement("f.D114DAEFC179864ACB0AAA7E3426E62E.d.15A1C62E005C04595DA239F76C838A89.e.46", "css selector", ".vin")
2025-05-30T12:20:29.768Z INFO webdriver: [POST] http://localhost:9515/session/6ee7a1088b9729691c556aee3b0e5869/element/f.D114DAEFC179864ACB0AAA7E3426E62E.d.15A1C62E005C04595DA239F76C838A89.e.46/elements
2025-05-30T12:20:29.768Z INFO webdriver: DATA { using: 'css selector', value: '.vin' }
2025-05-30T12:20:29.779Z INFO webdriver: RESULT [
  {
    'element-6066-11e4-a52e-4f735466cecf': 'f.D114DAEFC179864ACB0AAA7E3426E62E.d.15A1C62E005C04595DA239F76C838A89.e.175'
  }
]
2025-05-30T12:20:29.794Z INFO webdriver: COMMAND findElementsFromElement("f.D114DAEFC179864ACB0AAA7E3426E62E.d.15A1C62E005C04595DA239F76C838A89.e.46", "css selector", ".vout")
2025-05-30T12:20:29.794Z INFO webdriver: [POST] http://localhost:9515/session/6ee7a1088b9729691c556aee3b0e5869/element/f.D114DAEFC179864ACB0AAA7E3426E62E.d.15A1C62E005C04595DA239F76C838A89.e.46/elements
2025-05-30T12:20:29.794Z INFO webdriver: DATA { using: 'css selector', value: '.vout' }
2025-05-30T12:20:29.804Z INFO webdriver: RESULT [
  {
    'element-6066-11e4-a52e-4f735466cecf': 'f.D114DAEFC179864ACB0AAA7E3426E62E.d.15A1C62E005C04595DA239F76C838A89.e.176'
  },
  {
    'element-6066-11e4-a52e-4f735466cecf': 'f.D114DAEFC179864ACB0AAA7E3426E62E.d.15A1C62E005C04595DA239F76C838A89.e.177'
  },
  {
    'element-6066-11e4-a52e-4f735466cecf': 'f.D114DAEFC179864ACB0AAA7E3426E62E.d.15A1C62E005C04595DA239F76C838A89.e.178'
  },
  {
    'element-6066-11e4-a52e-4f735466cecf': 'f.D114DAEFC179864ACB0AAA7E3426E62E.d.15A1C62E005C04595DA239F76C838A89.e.179'
  },
  {
    'element-6066-11e4-a52e-4f735466cecf': 'f.D114DAEFC179864ACB0AAA7E3426E62E.d.15A1C62E005C04595DA239F76C838A89.e.180'
  },
  {
    'element-6066-11e4-a52e-4f735466cecf': 'f.D114DAEFC179864ACB0AAA7E3426E62E.d.15A1C62E005C04595DA239F76C838A89.e.181'
  },
  {
    'element-6066-11e4-a52e-4f735466cecf': 'f.D114DAEFC179864ACB0AAA7E3426E62E.d.15A1C62E005C04595DA239F76C838A89.e.182'
  }
]
2025-05-30T12:20:29.820Z INFO webdriver: COMMAND findElementsFromElement("f.D114DAEFC179864ACB0AAA7E3426E62E.d.15A1C62E005C04595DA239F76C838A89.e.47", "css selector", ".vin")
2025-05-30T12:20:29.820Z INFO webdriver: [POST] http://localhost:9515/session/6ee7a1088b9729691c556aee3b0e5869/element/f.D114DAEFC179864ACB0AAA7E3426E62E.d.15A1C62E005C04595DA239F76C838A89.e.47/elements
2025-05-30T12:20:29.820Z INFO webdriver: DATA { using: 'css selector', value: '.vin' }
2025-05-30T12:20:29.834Z INFO webdriver: RESULT [
  {
    'element-6066-11e4-a52e-4f735466cecf': 'f.D114DAEFC179864ACB0AAA7E3426E62E.d.15A1C62E005C04595DA239F76C838A89.e.183'
  },
  {
    'element-6066-11e4-a52e-4f735466cecf': 'f.D114DAEFC179864ACB0AAA7E3426E62E.d.15A1C62E005C04595DA239F76C838A89.e.184'
  },
  {
    'element-6066-11e4-a52e-4f735466cecf': 'f.D114DAEFC179864ACB0AAA7E3426E62E.d.15A1C62E005C04595DA239F76C838A89.e.185'
  }
]
2025-05-30T12:20:29.842Z INFO webdriver: COMMAND findElementsFromElement("f.D114DAEFC179864ACB0AAA7E3426E62E.d.15A1C62E005C04595DA239F76C838A89.e.47", "css selector", ".vout")
2025-05-30T12:20:29.842Z INFO webdriver: [POST] http://localhost:9515/session/6ee7a1088b9729691c556aee3b0e5869/element/f.D114DAEFC179864ACB0AAA7E3426E62E.d.15A1C62E005C04595DA239F76C838A89.e.47/elements
2025-05-30T12:20:29.843Z INFO webdriver: DATA { using: 'css selector', value: '.vout' }
2025-05-30T12:20:29.856Z INFO webdriver: RESULT [
  {
    'element-6066-11e4-a52e-4f735466cecf': 'f.D114DAEFC179864ACB0AAA7E3426E62E.d.15A1C62E005C04595DA239F76C838A89.e.186'
  },
  {
    'element-6066-11e4-a52e-4f735466cecf': 'f.D114DAEFC179864ACB0AAA7E3426E62E.d.15A1C62E005C04595DA239F76C838A89.e.187'
  }
]
2025-05-30T12:20:29.862Z INFO webdriver: COMMAND findElementsFromElement("f.D114DAEFC179864ACB0AAA7E3426E62E.d.15A1C62E005C04595DA239F76C838A89.e.48", "css selector", ".vin")
2025-05-30T12:20:29.863Z INFO webdriver: [POST] http://localhost:9515/session/6ee7a1088b9729691c556aee3b0e5869/element/f.D114DAEFC179864ACB0AAA7E3426E62E.d.15A1C62E005C04595DA239F76C838A89.e.48/elements
2025-05-30T12:20:29.863Z INFO webdriver: DATA { using: 'css selector', value: '.vin' }
2025-05-30T12:20:29.872Z INFO webdriver: RESULT [
  {
    'element-6066-11e4-a52e-4f735466cecf': 'f.D114DAEFC179864ACB0AAA7E3426E62E.d.15A1C62E005C04595DA239F76C838A89.e.188'
  }
]
2025-05-30T12:20:29.880Z INFO webdriver: COMMAND findElementsFromElement("f.D114DAEFC179864ACB0AAA7E3426E62E.d.15A1C62E005C04595DA239F76C838A89.e.48", "css selector", ".vout")
2025-05-30T12:20:29.880Z INFO webdriver: [POST] http://localhost:9515/session/6ee7a1088b9729691c556aee3b0e5869/element/f.D114DAEFC179864ACB0AAA7E3426E62E.d.15A1C62E005C04595DA239F76C838A89.e.48/elements
2025-05-30T12:20:29.880Z INFO webdriver: DATA { using: 'css selector', value: '.vout' }
2025-05-30T12:20:29.892Z INFO webdriver: RESULT [
  {
    'element-6066-11e4-a52e-4f735466cecf': 'f.D114DAEFC179864ACB0AAA7E3426E62E.d.15A1C62E005C04595DA239F76C838A89.e.189'
  }
]
2025-05-30T12:20:29.898Z INFO webdriver: COMMAND findElementsFromElement("f.D114DAEFC179864ACB0AAA7E3426E62E.d.15A1C62E005C04595DA239F76C838A89.e.49", "css selector", ".vin")
2025-05-30T12:20:29.899Z INFO webdriver: [POST] http://localhost:9515/session/6ee7a1088b9729691c556aee3b0e5869/element/f.D114DAEFC179864ACB0AAA7E3426E62E.d.15A1C62E005C04595DA239F76C838A89.e.49/elements
2025-05-30T12:20:29.899Z INFO webdriver: DATA { using: 'css selector', value: '.vin' }
2025-05-30T12:20:29.916Z INFO webdriver: RESULT [
  {
    'element-6066-11e4-a52e-4f735466cecf': 'f.D114DAEFC179864ACB0AAA7E3426E62E.d.15A1C62E005C04595DA239F76C838A89.e.190'
  },
  {
    'element-6066-11e4-a52e-4f735466cecf': 'f.D114DAEFC179864ACB0AAA7E3426E62E.d.15A1C62E005C04595DA239F76C838A89.e.191'
  },
  {
    'element-6066-11e4-a52e-4f735466cecf': 'f.D114DAEFC179864ACB0AAA7E3426E62E.d.15A1C62E005C04595DA239F76C838A89.e.192'
  },
  {
    'element-6066-11e4-a52e-4f735466cecf': 'f.D114DAEFC179864ACB0AAA7E3426E62E.d.15A1C62E005C04595DA239F76C838A89.e.193'
  },
  {
    'element-6066-11e4-a52e-4f735466cecf': 'f.D114DAEFC179864ACB0AAA7E3426E62E.d.15A1C62E005C04595DA239F76C838A89.e.194'
  },
  {
    'element-6066-11e4-a52e-4f735466cecf': 'f.D114DAEFC179864ACB0AAA7E3426E62E.d.15A1C62E005C04595DA239F76C838A89.e.195'
  },
  {
    'element-6066-11e4-a52e-4f735466cecf': 'f.D114DAEFC179864ACB0AAA7E3426E62E.d.15A1C62E005C04595DA239F76C838A89.e.196'
  },
  {
    'element-6066-11e4-a52e-4f735466cecf': 'f.D114DAEFC179864ACB0AAA7E3426E62E.d.15A1C62E005C04595DA239F76C838A89.e.197'
  },
  {
    'element-6066-11e4-a52e-4f735466cecf': 'f.D114DAEFC179864ACB0AAA7E3426E62E.d.15A1C62E005C04595DA239F76C838A89.e.198'
  },
  {
    'element-6066-11e4-a52e-4f735466cecf': 'f.D114DAEFC179864ACB0AAA7E3426E62E.d.15A1C62E005C04595DA239F76C838A89.e.199'
  },
  {
    'element-6066-11e4-a52e-4f735466cecf': 'f.D114DAEFC179864ACB0AAA7E3426E62E.d.15A1C62E005C04595DA239F76C838A89.e.200'
  },
  {
    'element-6066-11e4-a52e-4f735466cecf': 'f.D114DAEFC179864ACB0AAA7E3426E62E.d.15A1C62E005C04595DA239F76C838A89.e.201'
  },
  {
    'element-6066-11e4-a52e-4f735466cecf': 'f.D114DAEFC179864ACB0AAA7E3426E62E.d.15A1C62E005C04595DA239F76C838A89.e.202'
  },
  {
    'element-6066-11e4-a52e-4f735466cecf': 'f.D114DAEFC179864ACB0AAA7E3426E62E.d.15A1C62E005C04595DA239F76C838A89.e.203'
  },
  {
    'element-6066-11e4-a52e-4f735466cecf': 'f.D114DAEFC179864ACB0AAA7E3426E62E.d.15A1C62E005C04595DA239F76C838A89.e.204'
  },
  {
    'element-6066-11e4-a52e-4f735466cecf': 'f.D114DAEFC179864ACB0AAA7E3426E62E.d.15A1C62E005C04595DA239F76C838A89.e.205'
  },
  {
    'element-6066-11e4-a52e-4f735466cecf': 'f.D114DAEFC179864ACB0AAA7E3426E62E.d.15A1C62E005C04595DA239F76C838A89.e.206'
  },
  {
    'element-6066-11e4-a52e-4f735466cecf': 'f.D114DAEFC179864ACB0AAA7E3426E62E.d.15A1C62E005C04595DA239F76C838A89.e.207'
  },
  {
    'element-6066-11e4-a52e-4f735466cecf': 'f.D114DAEFC179864ACB0AAA7E3426E62E.d.15A1C62E005C04595DA239F76C838A89.e.208'
  },
  {
    'element-6066-11e4-a52e-4f735466cecf': 'f.D114DAEFC179864ACB0AAA7E3426E62E.d.15A1C62E005C04595DA239F76C838A89.e.209'
  },
  {
    'element-6066-11e4-a52e-4f735466cecf': 'f.D114DAEFC179864ACB0AAA7E3426E62E.d.15A1C62E005C04595DA239F76C838A89.e.210'
  },
  {
    'element-6066-11e4-a52e-4f735466cecf': 'f.D114DAEFC179864ACB0AAA7E3426E62E.d.15A1C62E005C04595DA239F76C838A89.e.211'
  },
  {
    'element-6066-11e4-a52e-4f735466cecf': 'f.D114DAEFC179864ACB0AAA7E3426E62E.d.15A1C62E005C04595DA239F76C838A89.e.212'
  },
  {
    'element-6066-11e4-a52e-4f735466cecf': 'f.D114DAEFC179864ACB0AAA7E3426E62E.d.15A1C62E005C04595DA239F76C838A89.e.213'
  },
  {
    'element-6066-11e4-a52e-4f735466cecf': 'f.D114DAEFC179864ACB0AAA7E3426E62E.d.15A1C62E005C04595DA239F76C838A89.e.214'
  },
  {
    'element-6066-11e4-a52e-4f735466cecf': 'f.D114DAEFC179864ACB0AAA7E3426E62E.d.15A1C62E005C04595DA239F76C838A89.e.215'
  },
  {
    'element-6066-11e4-a52e-4f735466cecf': 'f.D114DAEFC179864ACB0AAA7E3426E62E.d.15A1C62E005C04595DA239F76C838A89.e.216'
  },
  {
    'element-6066-11e4-a52e-4f735466cecf': 'f.D114DAEFC179864ACB0AAA7E3426E62E.d.15A1C62E005C04595DA239F76C838A89.e.217'
  },
  {
    'element-6066-11e4-a52e-4f735466cecf': 'f.D114DAEFC179864ACB0AAA7E3426E62E.d.15A1C62E005C04595DA239F76C838A89.e.218'
  },
  {
    'element-6066-11e4-a52e-4f735466cecf': 'f.D114DAEFC179864ACB0AAA7E3426E62E.d.15A1C62E005C04595DA239F76C838A89.e.219'
  },
  {
    'element-6066-11e4-a52e-4f735466cecf': 'f.D114DAEFC179864ACB0AAA7E3426E62E.d.15A1C62E005C04595DA239F76C838A89.e.220'
  },
  {
    'element-6066-11e4-a52e-4f735466cecf': 'f.D114DAEFC179864ACB0AAA7E3426E62E.d.15A1C62E005C04595DA239F76C838A89.e.221'
  },
  {
    'element-6066-11e4-a52e-4f735466cecf': 'f.D114DAEFC179864ACB0AAA7E3426E62E.d.15A1C62E005C04595DA239F76C838A89.e.222'
  },
  {
    'element-6066-11e4-a52e-4f735466cecf': 'f.D114DAEFC179864ACB0AAA7E3426E62E.d.15A1C62E005C04595DA239F76C838A89.e.223'
  },
  {
    'element-6066-11e4-a52e-4f735466cecf': 'f.D114DAEFC179864ACB0AAA7E3426E62E.d.15A1C62E005C04595DA239F76C838A89.e.224'
  }
]
2025-05-30T12:20:29.960Z INFO webdriver: COMMAND findElementsFromElement("f.D114DAEFC179864ACB0AAA7E3426E62E.d.15A1C62E005C04595DA239F76C838A89.e.49", "css selector", ".vout")
2025-05-30T12:20:29.960Z INFO webdriver: [POST] http://localhost:9515/session/6ee7a1088b9729691c556aee3b0e5869/element/f.D114DAEFC179864ACB0AAA7E3426E62E.d.15A1C62E005C04595DA239F76C838A89.e.49/elements
2025-05-30T12:20:29.961Z INFO webdriver: DATA { using: 'css selector', value: '.vout' }
2025-05-30T12:20:29.978Z INFO webdriver: RESULT [
  {
    'element-6066-11e4-a52e-4f735466cecf': 'f.D114DAEFC179864ACB0AAA7E3426E62E.d.15A1C62E005C04595DA239F76C838A89.e.225'
  },
  {
    'element-6066-11e4-a52e-4f735466cecf': 'f.D114DAEFC179864ACB0AAA7E3426E62E.d.15A1C62E005C04595DA239F76C838A89.e.226'
  }
]
2025-05-30T12:20:29.992Z INFO webdriver: COMMAND findElementsFromElement("f.D114DAEFC179864ACB0AAA7E3426E62E.d.15A1C62E005C04595DA239F76C838A89.e.50", "css selector", ".vin")
2025-05-30T12:20:29.993Z INFO webdriver: [POST] http://localhost:9515/session/6ee7a1088b9729691c556aee3b0e5869/element/f.D114DAEFC179864ACB0AAA7E3426E62E.d.15A1C62E005C04595DA239F76C838A89.e.50/elements
2025-05-30T12:20:29.993Z INFO webdriver: DATA { using: 'css selector', value: '.vin' }
2025-05-30T12:20:30.024Z INFO webdriver: RESULT [
  {
    'element-6066-11e4-a52e-4f735466cecf': 'f.D114DAEFC179864ACB0AAA7E3426E62E.d.15A1C62E005C04595DA239F76C838A89.e.229'
  },
  {
    'element-6066-11e4-a52e-4f735466cecf': 'f.D114DAEFC179864ACB0AAA7E3426E62E.d.15A1C62E005C04595DA239F76C838A89.e.230'
  },
  {
    'element-6066-11e4-a52e-4f735466cecf': 'f.D114DAEFC179864ACB0AAA7E3426E62E.d.15A1C62E005C04595DA239F76C838A89.e.231'
  },
  {
    'element-6066-11e4-a52e-4f735466cecf': 'f.D114DAEFC179864ACB0AAA7E3426E62E.d.15A1C62E005C04595DA239F76C838A89.e.232'
  },
  {
    'element-6066-11e4-a52e-4f735466cecf': 'f.D114DAEFC179864ACB0AAA7E3426E62E.d.15A1C62E005C04595DA239F76C838A89.e.233'
  },
  {
    'element-6066-11e4-a52e-4f735466cecf': 'f.D114DAEFC179864ACB0AAA7E3426E62E.d.15A1C62E005C04595DA239F76C838A89.e.234'
  },
  {
    'element-6066-11e4-a52e-4f735466cecf': 'f.D114DAEFC179864ACB0AAA7E3426E62E.d.15A1C62E005C04595DA239F76C838A89.e.235'
  },
  {
    'element-6066-11e4-a52e-4f735466cecf': 'f.D114DAEFC179864ACB0AAA7E3426E62E.d.15A1C62E005C04595DA239F76C838A89.e.236'
  },
  {
    'element-6066-11e4-a52e-4f735466cecf': 'f.D114DAEFC179864ACB0AAA7E3426E62E.d.15A1C62E005C04595DA239F76C838A89.e.237'
  },
  {
    'element-6066-11e4-a52e-4f735466cecf': 'f.D114DAEFC179864ACB0AAA7E3426E62E.d.15A1C62E005C04595DA239F76C838A89.e.238'
  },
  {
    'element-6066-11e4-a52e-4f735466cecf': 'f.D114DAEFC179864ACB0AAA7E3426E62E.d.15A1C62E005C04595DA239F76C838A89.e.239'
  },
  {
    'element-6066-11e4-a52e-4f735466cecf': 'f.D114DAEFC179864ACB0AAA7E3426E62E.d.15A1C62E005C04595DA239F76C838A89.e.240'
  },
  {
    'element-6066-11e4-a52e-4f735466cecf': 'f.D114DAEFC179864ACB0AAA7E3426E62E.d.15A1C62E005C04595DA239F76C838A89.e.241'
  },
  {
    'element-6066-11e4-a52e-4f735466cecf': 'f.D114DAEFC179864ACB0AAA7E3426E62E.d.15A1C62E005C04595DA239F76C838A89.e.242'
  },
  {
    'element-6066-11e4-a52e-4f735466cecf': 'f.D114DAEFC179864ACB0AAA7E3426E62E.d.15A1C62E005C04595DA239F76C838A89.e.243'
  },
  {
    'element-6066-11e4-a52e-4f735466cecf': 'f.D114DAEFC179864ACB0AAA7E3426E62E.d.15A1C62E005C04595DA239F76C838A89.e.244'
  },
  {
    'element-6066-11e4-a52e-4f735466cecf': 'f.D114DAEFC179864ACB0AAA7E3426E62E.d.15A1C62E005C04595DA239F76C838A89.e.245'
  },
  {
    'element-6066-11e4-a52e-4f735466cecf': 'f.D114DAEFC179864ACB0AAA7E3426E62E.d.15A1C62E005C04595DA239F76C838A89.e.246'
  },
  {
    'element-6066-11e4-a52e-4f735466cecf': 'f.D114DAEFC179864ACB0AAA7E3426E62E.d.15A1C62E005C04595DA239F76C838A89.e.247'
  },
  {
    'element-6066-11e4-a52e-4f735466cecf': 'f.D114DAEFC179864ACB0AAA7E3426E62E.d.15A1C62E005C04595DA239F76C838A89.e.248'
  },
  {
    'element-6066-11e4-a52e-4f735466cecf': 'f.D114DAEFC179864ACB0AAA7E3426E62E.d.15A1C62E005C04595DA239F76C838A89.e.249'
  },
  {
    'element-6066-11e4-a52e-4f735466cecf': 'f.D114DAEFC179864ACB0AAA7E3426E62E.d.15A1C62E005C04595DA239F76C838A89.e.250'
  },
  {
    'element-6066-11e4-a52e-4f735466cecf': 'f.D114DAEFC179864ACB0AAA7E3426E62E.d.15A1C62E005C04595DA239F76C838A89.e.251'
  },
  {
    'element-6066-11e4-a52e-4f735466cecf': 'f.D114DAEFC179864ACB0AAA7E3426E62E.d.15A1C62E005C04595DA239F76C838A89.e.252'
  },
  {
    'element-6066-11e4-a52e-4f735466cecf': 'f.D114DAEFC179864ACB0AAA7E3426E62E.d.15A1C62E005C04595DA239F76C838A89.e.253'
  },
  {
    'element-6066-11e4-a52e-4f735466cecf': 'f.D114DAEFC179864ACB0AAA7E3426E62E.d.15A1C62E005C04595DA239F76C838A89.e.254'
  },
  {
    'element-6066-11e4-a52e-4f735466cecf': 'f.D114DAEFC179864ACB0AAA7E3426E62E.d.15A1C62E005C04595DA239F76C838A89.e.255'
  },
  {
    'element-6066-11e4-a52e-4f735466cecf': 'f.D114DAEFC179864ACB0AAA7E3426E62E.d.15A1C62E005C04595DA239F76C838A89.e.256'
  },
  {
    'element-6066-11e4-a52e-4f735466cecf': 'f.D114DAEFC179864ACB0AAA7E3426E62E.d.15A1C62E005C04595DA239F76C838A89.e.257'
  },
  {
    'element-6066-11e4-a52e-4f735466cecf': 'f.D114DAEFC179864ACB0AAA7E3426E62E.d.15A1C62E005C04595DA239F76C838A89.e.258'
  },
  {
    'element-6066-11e4-a52e-4f735466cecf': 'f.D114DAEFC179864ACB0AAA7E3426E62E.d.15A1C62E005C04595DA239F76C838A89.e.259'
  },
  {
    'element-6066-11e4-a52e-4f735466cecf': 'f.D114DAEFC179864ACB0AAA7E3426E62E.d.15A1C62E005C04595DA239F76C838A89.e.260'
  },
  {
    'element-6066-11e4-a52e-4f735466cecf': 'f.D114DAEFC179864ACB0AAA7E3426E62E.d.15A1C62E005C04595DA239F76C838A89.e.261'
  },
  {
    'element-6066-11e4-a52e-4f735466cecf': 'f.D114DAEFC179864ACB0AAA7E3426E62E.d.15A1C62E005C04595DA239F76C838A89.e.262'
  },
  {
    'element-6066-11e4-a52e-4f735466cecf': 'f.D114DAEFC179864ACB0AAA7E3426E62E.d.15A1C62E005C04595DA239F76C838A89.e.263'
  },
  {
    'element-6066-11e4-a52e-4f735466cecf': 'f.D114DAEFC179864ACB0AAA7E3426E62E.d.15A1C62E005C04595DA239F76C838A89.e.264'
  },
  {
    'element-6066-11e4-a52e-4f735466cecf': 'f.D114DAEFC179864ACB0AAA7E3426E62E.d.15A1C62E005C04595DA239F76C838A89.e.265'
  },
  {
    'element-6066-11e4-a52e-4f735466cecf': 'f.D114DAEFC179864ACB0AAA7E3426E62E.d.15A1C62E005C04595DA239F76C838A89.e.266'
  },
  {
    'element-6066-11e4-a52e-4f735466cecf': 'f.D114DAEFC179864ACB0AAA7E3426E62E.d.15A1C62E005C04595DA239F76C838A89.e.267'
  },
  {
    'element-6066-11e4-a52e-4f735466cecf': 'f.D114DAEFC179864ACB0AAA7E3426E62E.d.15A1C62E005C04595DA239F76C838A89.e.268'
  },
  {
    'element-6066-11e4-a52e-4f735466cecf': 'f.D114DAEFC179864ACB0AAA7E3426E62E.d.15A1C62E005C04595DA239F76C838A89.e.269'
  },
  {
    'element-6066-11e4-a52e-4f735466cecf': 'f.D114DAEFC179864ACB0AAA7E3426E62E.d.15A1C62E005C04595DA239F76C838A89.e.270'
  },
  {
    'element-6066-11e4-a52e-4f735466cecf': 'f.D114DAEFC179864ACB0AAA7E3426E62E.d.15A1C62E005C04595DA239F76C838A89.e.271'
  },
  {
    'element-6066-11e4-a52e-4f735466cecf': 'f.D114DAEFC179864ACB0AAA7E3426E62E.d.15A1C62E005C04595DA239F76C838A89.e.272'
  },
  {
    'element-6066-11e4-a52e-4f735466cecf': 'f.D114DAEFC179864ACB0AAA7E3426E62E.d.15A1C62E005C04595DA239F76C838A89.e.273'
  },
  {
    'element-6066-11e4-a52e-4f735466cecf': 'f.D114DAEFC179864ACB0AAA7E3426E62E.d.15A1C62E005C04595DA239F76C838A89.e.274'
  },
  {
    'element-6066-11e4-a52e-4f735466cecf': 'f.D114DAEFC179864ACB0AAA7E3426E62E.d.15A1C62E005C04595DA239F76C838A89.e.275'
  },
  {
    'element-6066-11e4-a52e-4f735466cecf': 'f.D114DAEFC179864ACB0AAA7E3426E62E.d.15A1C62E005C04595DA239F76C838A89.e.276'
  },
  {
    'element-6066-11e4-a52e-4f735466cecf': 'f.D114DAEFC179864ACB0AAA7E3426E62E.d.15A1C62E005C04595DA239F76C838A89.e.277'
  },
  {
    'element-6066-11e4-a52e-4f735466cecf': 'f.D114DAEFC179864ACB0AAA7E3426E62E.d.15A1C62E005C04595DA239F76C838A89.e.278'
  },
  {
    'element-6066-11e4-a52e-4f735466cecf': 'f.D114DAEFC179864ACB0AAA7E3426E62E.d.15A1C62E005C04595DA239F76C838A89.e.279'
  },
  {
    'element-6066-11e4-a52e-4f735466cecf': 'f.D114DAEFC179864ACB0AAA7E3426E62E.d.15A1C62E005C04595DA239F76C838A89.e.280'
  },
  {
    'element-6066-11e4-a52e-4f735466cecf': 'f.D114DAEFC179864ACB0AAA7E3426E62E.d.15A1C62E005C04595DA239F76C838A89.e.281'
  },
  {
    'element-6066-11e4-a52e-4f735466cecf': 'f.D114DAEFC179864ACB0AAA7E3426E62E.d.15A1C62E005C04595DA239F76C838A89.e.282'
  },
  {
    'element-6066-11e4-a52e-4f735466cecf': 'f.D114DAEFC179864ACB0AAA7E3426E62E.d.15A1C62E005C04595DA239F76C838A89.e.283'
  },
  {
    'element-6066-11e4-a52e-4f735466cecf': 'f.D114DAEFC179864ACB0AAA7E3426E62E.d.15A1C62E005C04595DA239F76C838A89.e.284'
  },
  {
    'element-6066-11e4-a52e-4f735466cecf': 'f.D114DAEFC179864ACB0AAA7E3426E62E.d.15A1C62E005C04595DA239F76C838A89.e.285'
  },
  {
    'element-6066-11e4-a52e-4f735466cecf': 'f.D114DAEFC179864ACB0AAA7E3426E62E.d.15A1C62E005C04595DA239F76C838A89.e.286'
  },
  {
    'element-6066-11e4-a52e-4f735466cecf': 'f.D114DAEFC179864ACB0AAA7E3426E62E.d.15A1C62E005C04595DA239F76C838A89.e.287'
  },
  {
    'element-6066-11e4-a52e-4f735466cecf': 'f.D114DAEFC179864ACB0AAA7E3426E62E.d.15A1C62E005C04595DA239F76C838A89.e.288'
  },
  {
    'element-6066-11e4-a52e-4f735466cecf': 'f.D114DAEFC179864ACB0AAA7E3426E62E.d.15A1C62E005C04595DA239F76C838A89.e.289'
  },
  {
    'element-6066-11e4-a52e-4f735466cecf': 'f.D114DAEFC179864ACB0AAA7E3426E62E.d.15A1C62E005C04595DA239F76C838A89.e.290'
  },
  {
    'element-6066-11e4-a52e-4f735466cecf': 'f.D114DAEFC179864ACB0AAA7E3426E62E.d.15A1C62E005C04595DA239F76C838A89.e.291'
  },
  {
    'element-6066-11e4-a52e-4f735466cecf': 'f.D114DAEFC179864ACB0AAA7E3426E62E.d.15A1C62E005C04595DA239F76C838A89.e.292'
  },
  {
    'element-6066-11e4-a52e-4f735466cecf': 'f.D114DAEFC179864ACB0AAA7E3426E62E.d.15A1C62E005C04595DA239F76C838A89.e.293'
  },
  {
    'element-6066-11e4-a52e-4f735466cecf': 'f.D114DAEFC179864ACB0AAA7E3426E62E.d.15A1C62E005C04595DA239F76C838A89.e.294'
  },
  {
    'element-6066-11e4-a52e-4f735466cecf': 'f.D114DAEFC179864ACB0AAA7E3426E62E.d.15A1C62E005C04595DA239F76C838A89.e.295'
  },
  {
    'element-6066-11e4-a52e-4f735466cecf': 'f.D114DAEFC179864ACB0AAA7E3426E62E.d.15A1C62E005C04595DA239F76C838A89.e.296'
  },
  {
    'element-6066-11e4-a52e-4f735466cecf': 'f.D114DAEFC179864ACB0AAA7E3426E62E.d.15A1C62E005C04595DA239F76C838A89.e.297'
  },
  {
    'element-6066-11e4-a52e-4f735466cecf': 'f.D114DAEFC179864ACB0AAA7E3426E62E.d.15A1C62E005C04595DA239F76C838A89.e.298'
  },
  {
    'element-6066-11e4-a52e-4f735466cecf': 'f.D114DAEFC179864ACB0AAA7E3426E62E.d.15A1C62E005C04595DA239F76C838A89.e.299'
  },
  {
    'element-6066-11e4-a52e-4f735466cecf': 'f.D114DAEFC179864ACB0AAA7E3426E62E.d.15A1C62E005C04595DA239F76C838A89.e.300'
  },
  {
    'element-6066-11e4-a52e-4f735466cecf': 'f.D114DAEFC179864ACB0AAA7E3426E62E.d.15A1C62E005C04595DA239F76C838A89.e.301'
  },
  {
    'element-6066-11e4-a52e-4f735466cecf': 'f.D114DAEFC179864ACB0AAA7E3426E62E.d.15A1C62E005C04595DA239F76C838A89.e.302'
  },
  {
    'element-6066-11e4-a52e-4f735466cecf': 'f.D114DAEFC179864ACB0AAA7E3426E62E.d.15A1C62E005C04595DA239F76C838A89.e.303'
  },
  {
    'element-6066-11e4-a52e-4f735466cecf': 'f.D114DAEFC179864ACB0AAA7E3426E62E.d.15A1C62E005C04595DA239F76C838A89.e.304'
  },
  {
    'element-6066-11e4-a52e-4f735466cecf': 'f.D114DAEFC179864ACB0AAA7E3426E62E.d.15A1C62E005C04595DA239F76C838A89.e.305'
  },
  {
    'element-6066-11e4-a52e-4f735466cecf': 'f.D114DAEFC179864ACB0AAA7E3426E62E.d.15A1C62E005C04595DA239F76C838A89.e.306'
  },
  {
    'element-6066-11e4-a52e-4f735466cecf': 'f.D114DAEFC179864ACB0AAA7E3426E62E.d.15A1C62E005C04595DA239F76C838A89.e.307'
  },
  {
    'element-6066-11e4-a52e-4f735466cecf': 'f.D114DAEFC179864ACB0AAA7E3426E62E.d.15A1C62E005C04595DA239F76C838A89.e.308'
  },
  {
    'element-6066-11e4-a52e-4f735466cecf': 'f.D114DAEFC179864ACB0AAA7E3426E62E.d.15A1C62E005C04595DA239F76C838A89.e.309'
  },
  {
    'element-6066-11e4-a52e-4f735466cecf': 'f.D114DAEFC179864ACB0AAA7E3426E62E.d.15A1C62E005C04595DA239F76C838A89.e.310'
  },
  {
    'element-6066-11e4-a52e-4f735466cecf': 'f.D114DAEFC179864ACB0AAA7E3426E62E.d.15A1C62E005C04595DA239F76C838A89.e.311'
  },
  {
    'element-6066-11e4-a52e-4f735466cecf': 'f.D114DAEFC179864ACB0AAA7E3426E62E.d.15A1C62E005C04595DA239F76C838A89.e.312'
  },
  {
    'element-6066-11e4-a52e-4f735466cecf': 'f.D114DAEFC179864ACB0AAA7E3426E62E.d.15A1C62E005C04595DA239F76C838A89.e.313'
  },
  {
    'element-6066-11e4-a52e-4f735466cecf': 'f.D114DAEFC179864ACB0AAA7E3426E62E.d.15A1C62E005C04595DA239F76C838A89.e.314'
  },
  {
    'element-6066-11e4-a52e-4f735466cecf': 'f.D114DAEFC179864ACB0AAA7E3426E62E.d.15A1C62E005C04595DA239F76C838A89.e.315'
  },
  {
    'element-6066-11e4-a52e-4f735466cecf': 'f.D114DAEFC179864ACB0AAA7E3426E62E.d.15A1C62E005C04595DA239F76C838A89.e.316'
  },
  {
    'element-6066-11e4-a52e-4f735466cecf': 'f.D114DAEFC179864ACB0AAA7E3426E62E.d.15A1C62E005C04595DA239F76C838A89.e.317'
  },
  {
    'element-6066-11e4-a52e-4f735466cecf': 'f.D114DAEFC179864ACB0AAA7E3426E62E.d.15A1C62E005C04595DA239F76C838A89.e.318'
  },
  {
    'element-6066-11e4-a52e-4f735466cecf': 'f.D114DAEFC179864ACB0AAA7E3426E62E.d.15A1C62E005C04595DA239F76C838A89.e.319'
  },
  {
    'element-6066-11e4-a52e-4f735466cecf': 'f.D114DAEFC179864ACB0AAA7E3426E62E.d.15A1C62E005C04595DA239F76C838A89.e.320'
  },
  {
    'element-6066-11e4-a52e-4f735466cecf': 'f.D114DAEFC179864ACB0AAA7E3426E62E.d.15A1C62E005C04595DA239F76C838A89.e.321'
  },
  {
    'element-6066-11e4-a52e-4f735466cecf': 'f.D114DAEFC179864ACB0AAA7E3426E62E.d.15A1C62E005C04595DA239F76C838A89.e.322'
  },
  {
    'element-6066-11e4-a52e-4f735466cecf': 'f.D114DAEFC179864ACB0AAA7E3426E62E.d.15A1C62E005C04595DA239F76C838A89.e.323'
  },
  {
    'element-6066-11e4-a52e-4f735466cecf': 'f.D114DAEFC179864ACB0AAA7E3426E62E.d.15A1C62E005C04595DA239F76C838A89.e.324'
  },
  {
    'element-6066-11e4-a52e-4f735466cecf': 'f.D114DAEFC179864ACB0AAA7E3426E62E.d.15A1C62E005C04595DA239F76C838A89.e.325'
  },
  {
    'element-6066-11e4-a52e-4f735466cecf': 'f.D114DAEFC179864ACB0AAA7E3426E62E.d.15A1C62E005C04595DA239F76C838A89.e.326'
  },
  {
    'element-6066-11e4-a52e-4f735466cecf': 'f.D114DAEFC179864ACB0AAA7E3426E62E.d.15A1C62E005C04595DA239F76C838A89.e.327'
  },
  {
    'element-6066-11e4-a52e-4f735466cecf': 'f.D114DAEFC179864ACB0AAA7E3426E62E.d.15A1C62E005C04595DA239F76C838A89.e.328'
  },
  ... 55 more items
]
2025-05-30T12:20:30.169Z INFO webdriver: COMMAND findElementsFromElement("f.D114DAEFC179864ACB0AAA7E3426E62E.d.15A1C62E005C04595DA239F76C838A89.e.50", "css selector", ".vout")
2025-05-30T12:20:30.170Z INFO webdriver: [POST] http://localhost:9515/session/6ee7a1088b9729691c556aee3b0e5869/element/f.D114DAEFC179864ACB0AAA7E3426E62E.d.15A1C62E005C04595DA239F76C838A89.e.50/elements
2025-05-30T12:20:30.170Z INFO webdriver: DATA { using: 'css selector', value: '.vout' }
2025-05-30T12:20:30.183Z INFO webdriver: RESULT [
  {
    'element-6066-11e4-a52e-4f735466cecf': 'f.D114DAEFC179864ACB0AAA7E3426E62E.d.15A1C62E005C04595DA239F76C838A89.e.384'
  },
  {
    'element-6066-11e4-a52e-4f735466cecf': 'f.D114DAEFC179864ACB0AAA7E3426E62E.d.15A1C62E005C04595DA239F76C838A89.e.385'
  }
]
2025-05-30T12:20:30.189Z INFO webdriver: COMMAND findElementsFromElement("f.D114DAEFC179864ACB0AAA7E3426E62E.d.15A1C62E005C04595DA239F76C838A89.e.51", "css selector", ".vin")
2025-05-30T12:20:30.190Z INFO webdriver: [POST] http://localhost:9515/session/6ee7a1088b9729691c556aee3b0e5869/element/f.D114DAEFC179864ACB0AAA7E3426E62E.d.15A1C62E005C04595DA239F76C838A89.e.51/elements
2025-05-30T12:20:30.190Z INFO webdriver: DATA { using: 'css selector', value: '.vin' }
2025-05-30T12:20:30.200Z INFO webdriver: RESULT [
  {
    'element-6066-11e4-a52e-4f735466cecf': 'f.D114DAEFC179864ACB0AAA7E3426E62E.d.15A1C62E005C04595DA239F76C838A89.e.386'
  }
]
2025-05-30T12:20:30.206Z INFO webdriver: COMMAND findElementsFromElement("f.D114DAEFC179864ACB0AAA7E3426E62E.d.15A1C62E005C04595DA239F76C838A89.e.51", "css selector", ".vout")
2025-05-30T12:20:30.206Z INFO webdriver: [POST] http://localhost:9515/session/6ee7a1088b9729691c556aee3b0e5869/element/f.D114DAEFC179864ACB0AAA7E3426E62E.d.15A1C62E005C04595DA239F76C838A89.e.51/elements
2025-05-30T12:20:30.206Z INFO webdriver: DATA { using: 'css selector', value: '.vout' }
2025-05-30T12:20:30.218Z INFO webdriver: RESULT [
  {
    'element-6066-11e4-a52e-4f735466cecf': 'f.D114DAEFC179864ACB0AAA7E3426E62E.d.15A1C62E005C04595DA239F76C838A89.e.387'
  },
  {
    'element-6066-11e4-a52e-4f735466cecf': 'f.D114DAEFC179864ACB0AAA7E3426E62E.d.15A1C62E005C04595DA239F76C838A89.e.388'
  },
  {
    'element-6066-11e4-a52e-4f735466cecf': 'f.D114DAEFC179864ACB0AAA7E3426E62E.d.15A1C62E005C04595DA239F76C838A89.e.389'
  },
  {
    'element-6066-11e4-a52e-4f735466cecf': 'f.D114DAEFC179864ACB0AAA7E3426E62E.d.15A1C62E005C04595DA239F76C838A89.e.390'
  },
  {
    'element-6066-11e4-a52e-4f735466cecf': 'f.D114DAEFC179864ACB0AAA7E3426E62E.d.15A1C62E005C04595DA239F76C838A89.e.391'
  },
  {
    'element-6066-11e4-a52e-4f735466cecf': 'f.D114DAEFC179864ACB0AAA7E3426E62E.d.15A1C62E005C04595DA239F76C838A89.e.392'
  }
]
2025-05-30T12:20:30.225Z INFO webdriver: COMMAND findElementsFromElement("f.D114DAEFC179864ACB0AAA7E3426E62E.d.15A1C62E005C04595DA239F76C838A89.e.52", "css selector", ".vin")
2025-05-30T12:20:30.226Z INFO webdriver: [POST] http://localhost:9515/session/6ee7a1088b9729691c556aee3b0e5869/element/f.D114DAEFC179864ACB0AAA7E3426E62E.d.15A1C62E005C04595DA239F76C838A89.e.52/elements
2025-05-30T12:20:30.226Z INFO webdriver: DATA { using: 'css selector', value: '.vin' }
2025-05-30T12:20:30.241Z INFO webdriver: RESULT [
  {
    'element-6066-11e4-a52e-4f735466cecf': 'f.D114DAEFC179864ACB0AAA7E3426E62E.d.15A1C62E005C04595DA239F76C838A89.e.393'
  }
]
2025-05-30T12:20:30.250Z INFO webdriver: COMMAND findElementsFromElement("f.D114DAEFC179864ACB0AAA7E3426E62E.d.15A1C62E005C04595DA239F76C838A89.e.52", "css selector", ".vout")
2025-05-30T12:20:30.250Z INFO webdriver: [POST] http://localhost:9515/session/6ee7a1088b9729691c556aee3b0e5869/element/f.D114DAEFC179864ACB0AAA7E3426E62E.d.15A1C62E005C04595DA239F76C838A89.e.52/elements
2025-05-30T12:20:30.250Z INFO webdriver: DATA { using: 'css selector', value: '.vout' }
2025-05-30T12:20:30.262Z INFO webdriver: RESULT [
  {
    'element-6066-11e4-a52e-4f735466cecf': 'f.D114DAEFC179864ACB0AAA7E3426E62E.d.15A1C62E005C04595DA239F76C838A89.e.394'
  },
  {
    'element-6066-11e4-a52e-4f735466cecf': 'f.D114DAEFC179864ACB0AAA7E3426E62E.d.15A1C62E005C04595DA239F76C838A89.e.395'
  }
]
2025-05-30T12:20:30.270Z INFO webdriver: COMMAND findElementsFromElement("f.D114DAEFC179864ACB0AAA7E3426E62E.d.15A1C62E005C04595DA239F76C838A89.e.53", "css selector", ".vin")
2025-05-30T12:20:30.270Z INFO webdriver: [POST] http://localhost:9515/session/6ee7a1088b9729691c556aee3b0e5869/element/f.D114DAEFC179864ACB0AAA7E3426E62E.d.15A1C62E005C04595DA239F76C838A89.e.53/elements
2025-05-30T12:20:30.270Z INFO webdriver: DATA { using: 'css selector', value: '.vin' }
2025-05-30T12:20:30.279Z INFO webdriver: RESULT [
  {
    'element-6066-11e4-a52e-4f735466cecf': 'f.D114DAEFC179864ACB0AAA7E3426E62E.d.15A1C62E005C04595DA239F76C838A89.e.396'
  }
]
2025-05-30T12:20:30.285Z INFO webdriver: COMMAND findElementsFromElement("f.D114DAEFC179864ACB0AAA7E3426E62E.d.15A1C62E005C04595DA239F76C838A89.e.53", "css selector", ".vout")
2025-05-30T12:20:30.286Z INFO webdriver: [POST] http://localhost:9515/session/6ee7a1088b9729691c556aee3b0e5869/element/f.D114DAEFC179864ACB0AAA7E3426E62E.d.15A1C62E005C04595DA239F76C838A89.e.53/elements
2025-05-30T12:20:30.286Z INFO webdriver: DATA { using: 'css selector', value: '.vout' }
2025-05-30T12:20:30.294Z INFO webdriver: RESULT [
  {
    'element-6066-11e4-a52e-4f735466cecf': 'f.D114DAEFC179864ACB0AAA7E3426E62E.d.15A1C62E005C04595DA239F76C838A89.e.397'
  }
]
2025-05-30T12:20:30.300Z INFO webdriver: COMMAND findElementsFromElement("f.D114DAEFC179864ACB0AAA7E3426E62E.d.15A1C62E005C04595DA239F76C838A89.e.54", "css selector", ".vin")
2025-05-30T12:20:30.300Z INFO webdriver: [POST] http://localhost:9515/session/6ee7a1088b9729691c556aee3b0e5869/element/f.D114DAEFC179864ACB0AAA7E3426E62E.d.15A1C62E005C04595DA239F76C838A89.e.54/elements
2025-05-30T12:20:30.301Z INFO webdriver: DATA { using: 'css selector', value: '.vin' }
2025-05-30T12:20:30.310Z INFO webdriver: RESULT [
  {
    'element-6066-11e4-a52e-4f735466cecf': 'f.D114DAEFC179864ACB0AAA7E3426E62E.d.15A1C62E005C04595DA239F76C838A89.e.398'
  }
]
2025-05-30T12:20:30.315Z INFO webdriver: COMMAND findElementsFromElement("f.D114DAEFC179864ACB0AAA7E3426E62E.d.15A1C62E005C04595DA239F76C838A89.e.54", "css selector", ".vout")
2025-05-30T12:20:30.316Z INFO webdriver: [POST] http://localhost:9515/session/6ee7a1088b9729691c556aee3b0e5869/element/f.D114DAEFC179864ACB0AAA7E3426E62E.d.15A1C62E005C04595DA239F76C838A89.e.54/elements
2025-05-30T12:20:30.316Z INFO webdriver: DATA { using: 'css selector', value: '.vout' }
2025-05-30T12:20:30.326Z INFO webdriver: RESULT [
  {
    'element-6066-11e4-a52e-4f735466cecf': 'f.D114DAEFC179864ACB0AAA7E3426E62E.d.15A1C62E005C04595DA239F76C838A89.e.399'
  },
  {
    'element-6066-11e4-a52e-4f735466cecf': 'f.D114DAEFC179864ACB0AAA7E3426E62E.d.15A1C62E005C04595DA239F76C838A89.e.400'
  },
  {
    'element-6066-11e4-a52e-4f735466cecf': 'f.D114DAEFC179864ACB0AAA7E3426E62E.d.15A1C62E005C04595DA239F76C838A89.e.401'
  },
  {
    'element-6066-11e4-a52e-4f735466cecf': 'f.D114DAEFC179864ACB0AAA7E3426E62E.d.15A1C62E005C04595DA239F76C838A89.e.402'
  },
  {
    'element-6066-11e4-a52e-4f735466cecf': 'f.D114DAEFC179864ACB0AAA7E3426E62E.d.15A1C62E005C04595DA239F76C838A89.e.403'
  },
  {
    'element-6066-11e4-a52e-4f735466cecf': 'f.D114DAEFC179864ACB0AAA7E3426E62E.d.15A1C62E005C04595DA239F76C838A89.e.404'
  },
  {
    'element-6066-11e4-a52e-4f735466cecf': 'f.D114DAEFC179864ACB0AAA7E3426E62E.d.15A1C62E005C04595DA239F76C838A89.e.405'
  },
  {
    'element-6066-11e4-a52e-4f735466cecf': 'f.D114DAEFC179864ACB0AAA7E3426E62E.d.15A1C62E005C04595DA239F76C838A89.e.406'
  },
  {
    'element-6066-11e4-a52e-4f735466cecf': 'f.D114DAEFC179864ACB0AAA7E3426E62E.d.15A1C62E005C04595DA239F76C838A89.e.407'
  },
  {
    'element-6066-11e4-a52e-4f735466cecf': 'f.D114DAEFC179864ACB0AAA7E3426E62E.d.15A1C62E005C04595DA239F76C838A89.e.408'
  },
  {
    'element-6066-11e4-a52e-4f735466cecf': 'f.D114DAEFC179864ACB0AAA7E3426E62E.d.15A1C62E005C04595DA239F76C838A89.e.409'
  },
  {
    'element-6066-11e4-a52e-4f735466cecf': 'f.D114DAEFC179864ACB0AAA7E3426E62E.d.15A1C62E005C04595DA239F76C838A89.e.410'
  }
]
2025-05-30T12:20:30.337Z INFO webdriver: COMMAND findElementsFromElement("f.D114DAEFC179864ACB0AAA7E3426E62E.d.15A1C62E005C04595DA239F76C838A89.e.55", "css selector", ".vin")
2025-05-30T12:20:30.337Z INFO webdriver: [POST] http://localhost:9515/session/6ee7a1088b9729691c556aee3b0e5869/element/f.D114DAEFC179864ACB0AAA7E3426E62E.d.15A1C62E005C04595DA239F76C838A89.e.55/elements
2025-05-30T12:20:30.337Z INFO webdriver: DATA { using: 'css selector', value: '.vin' }
2025-05-30T12:20:30.347Z INFO webdriver: RESULT [
  {
    'element-6066-11e4-a52e-4f735466cecf': 'f.D114DAEFC179864ACB0AAA7E3426E62E.d.15A1C62E005C04595DA239F76C838A89.e.411'
  }
]
2025-05-30T12:20:30.352Z INFO webdriver: COMMAND findElementsFromElement("f.D114DAEFC179864ACB0AAA7E3426E62E.d.15A1C62E005C04595DA239F76C838A89.e.55", "css selector", ".vout")
2025-05-30T12:20:30.352Z INFO webdriver: [POST] http://localhost:9515/session/6ee7a1088b9729691c556aee3b0e5869/element/f.D114DAEFC179864ACB0AAA7E3426E62E.d.15A1C62E005C04595DA239F76C838A89.e.55/elements
2025-05-30T12:20:30.352Z INFO webdriver: DATA { using: 'css selector', value: '.vout' }
2025-05-30T12:20:30.363Z INFO webdriver: RESULT [
  {
    'element-6066-11e4-a52e-4f735466cecf': 'f.D114DAEFC179864ACB0AAA7E3426E62E.d.15A1C62E005C04595DA239F76C838A89.e.412'
  }
]
2025-05-30T12:20:30.368Z INFO webdriver: COMMAND findElementsFromElement("f.D114DAEFC179864ACB0AAA7E3426E62E.d.15A1C62E005C04595DA239F76C838A89.e.56", "css selector", ".vin")
2025-05-30T12:20:30.369Z INFO webdriver: [POST] http://localhost:9515/session/6ee7a1088b9729691c556aee3b0e5869/element/f.D114DAEFC179864ACB0AAA7E3426E62E.d.15A1C62E005C04595DA239F76C838A89.e.56/elements
2025-05-30T12:20:30.369Z INFO webdriver: DATA { using: 'css selector', value: '.vin' }
2025-05-30T12:20:30.383Z INFO webdriver: RESULT [
  {
    'element-6066-11e4-a52e-4f735466cecf': 'f.D114DAEFC179864ACB0AAA7E3426E62E.d.15A1C62E005C04595DA239F76C838A89.e.413'
  }
]
2025-05-30T12:20:30.390Z INFO webdriver: COMMAND findElementsFromElement("f.D114DAEFC179864ACB0AAA7E3426E62E.d.15A1C62E005C04595DA239F76C838A89.e.56", "css selector", ".vout")
2025-05-30T12:20:30.390Z INFO webdriver: [POST] http://localhost:9515/session/6ee7a1088b9729691c556aee3b0e5869/element/f.D114DAEFC179864ACB0AAA7E3426E62E.d.15A1C62E005C04595DA239F76C838A89.e.56/elements
2025-05-30T12:20:30.390Z INFO webdriver: DATA { using: 'css selector', value: '.vout' }
2025-05-30T12:20:30.400Z INFO webdriver: RESULT [
  {
    'element-6066-11e4-a52e-4f735466cecf': 'f.D114DAEFC179864ACB0AAA7E3426E62E.d.15A1C62E005C04595DA239F76C838A89.e.414'
  }
]
2025-05-30T12:20:30.404Z INFO webdriver: COMMAND findElementsFromElement("f.D114DAEFC179864ACB0AAA7E3426E62E.d.15A1C62E005C04595DA239F76C838A89.e.57", "css selector", ".vin")
2025-05-30T12:20:30.404Z INFO webdriver: [POST] http://localhost:9515/session/6ee7a1088b9729691c556aee3b0e5869/element/f.D114DAEFC179864ACB0AAA7E3426E62E.d.15A1C62E005C04595DA239F76C838A89.e.57/elements
2025-05-30T12:20:30.404Z INFO webdriver: DATA { using: 'css selector', value: '.vin' }
2025-05-30T12:20:30.416Z INFO webdriver: RESULT [
  {
    'element-6066-11e4-a52e-4f735466cecf': 'f.D114DAEFC179864ACB0AAA7E3426E62E.d.15A1C62E005C04595DA239F76C838A89.e.415'
  }
]
2025-05-30T12:20:30.421Z INFO webdriver: COMMAND findElementsFromElement("f.D114DAEFC179864ACB0AAA7E3426E62E.d.15A1C62E005C04595DA239F76C838A89.e.57", "css selector", ".vout")
2025-05-30T12:20:30.422Z INFO webdriver: [POST] http://localhost:9515/session/6ee7a1088b9729691c556aee3b0e5869/element/f.D114DAEFC179864ACB0AAA7E3426E62E.d.15A1C62E005C04595DA239F76C838A89.e.57/elements
2025-05-30T12:20:30.422Z INFO webdriver: DATA { using: 'css selector', value: '.vout' }
2025-05-30T12:20:30.431Z INFO webdriver: RESULT [
  {
    'element-6066-11e4-a52e-4f735466cecf': 'f.D114DAEFC179864ACB0AAA7E3426E62E.d.15A1C62E005C04595DA239F76C838A89.e.416'
  },
  {
    'element-6066-11e4-a52e-4f735466cecf': 'f.D114DAEFC179864ACB0AAA7E3426E62E.d.15A1C62E005C04595DA239F76C838A89.e.417'
  }
]
2025-05-30T12:20:30.438Z INFO webdriver: COMMAND findElementsFromElement("f.D114DAEFC179864ACB0AAA7E3426E62E.d.15A1C62E005C04595DA239F76C838A89.e.58", "css selector", ".vin")
2025-05-30T12:20:30.438Z INFO webdriver: [POST] http://localhost:9515/session/6ee7a1088b9729691c556aee3b0e5869/element/f.D114DAEFC179864ACB0AAA7E3426E62E.d.15A1C62E005C04595DA239F76C838A89.e.58/elements
2025-05-30T12:20:30.438Z INFO webdriver: DATA { using: 'css selector', value: '.vin' }
2025-05-30T12:20:30.450Z INFO webdriver: RESULT [
  {
    'element-6066-11e4-a52e-4f735466cecf': 'f.D114DAEFC179864ACB0AAA7E3426E62E.d.15A1C62E005C04595DA239F76C838A89.e.418'
  }
]
2025-05-30T12:20:30.455Z INFO webdriver: COMMAND findElementsFromElement("f.D114DAEFC179864ACB0AAA7E3426E62E.d.15A1C62E005C04595DA239F76C838A89.e.58", "css selector", ".vout")
2025-05-30T12:20:30.455Z INFO webdriver: [POST] http://localhost:9515/session/6ee7a1088b9729691c556aee3b0e5869/element/f.D114DAEFC179864ACB0AAA7E3426E62E.d.15A1C62E005C04595DA239F76C838A89.e.58/elements
2025-05-30T12:20:30.455Z INFO webdriver: DATA { using: 'css selector', value: '.vout' }
2025-05-30T12:20:30.466Z INFO webdriver: RESULT [
  {
    'element-6066-11e4-a52e-4f735466cecf': 'f.D114DAEFC179864ACB0AAA7E3426E62E.d.15A1C62E005C04595DA239F76C838A89.e.419'
  },
  {
    'element-6066-11e4-a52e-4f735466cecf': 'f.D114DAEFC179864ACB0AAA7E3426E62E.d.15A1C62E005C04595DA239F76C838A89.e.420'
  }
]
2025-05-30T12:20:30.473Z INFO webdriver: COMMAND findElementsFromElement("f.D114DAEFC179864ACB0AAA7E3426E62E.d.15A1C62E005C04595DA239F76C838A89.e.59", "css selector", ".vin")
2025-05-30T12:20:30.473Z INFO webdriver: [POST] http://localhost:9515/session/6ee7a1088b9729691c556aee3b0e5869/element/f.D114DAEFC179864ACB0AAA7E3426E62E.d.15A1C62E005C04595DA239F76C838A89.e.59/elements
2025-05-30T12:20:30.473Z INFO webdriver: DATA { using: 'css selector', value: '.vin' }
2025-05-30T12:20:30.481Z INFO webdriver: RESULT [
  {
    'element-6066-11e4-a52e-4f735466cecf': 'f.D114DAEFC179864ACB0AAA7E3426E62E.d.15A1C62E005C04595DA239F76C838A89.e.421'
  }
]
2025-05-30T12:20:30.486Z INFO webdriver: COMMAND findElementsFromElement("f.D114DAEFC179864ACB0AAA7E3426E62E.d.15A1C62E005C04595DA239F76C838A89.e.59", "css selector", ".vout")
2025-05-30T12:20:30.487Z INFO webdriver: [POST] http://localhost:9515/session/6ee7a1088b9729691c556aee3b0e5869/element/f.D114DAEFC179864ACB0AAA7E3426E62E.d.15A1C62E005C04595DA239F76C838A89.e.59/elements
2025-05-30T12:20:30.487Z INFO webdriver: DATA { using: 'css selector', value: '.vout' }
2025-05-30T12:20:30.497Z INFO webdriver: RESULT [
  {
    'element-6066-11e4-a52e-4f735466cecf': 'f.D114DAEFC179864ACB0AAA7E3426E62E.d.15A1C62E005C04595DA239F76C838A89.e.422'
  },
  {
    'element-6066-11e4-a52e-4f735466cecf': 'f.D114DAEFC179864ACB0AAA7E3426E62E.d.15A1C62E005C04595DA239F76C838A89.e.423'
  }
]
2025-05-30T12:20:30.503Z INFO webdriver: COMMAND findElementsFromElement("f.D114DAEFC179864ACB0AAA7E3426E62E.d.15A1C62E005C04595DA239F76C838A89.e.60", "css selector", ".vin")
2025-05-30T12:20:30.503Z INFO webdriver: [POST] http://localhost:9515/session/6ee7a1088b9729691c556aee3b0e5869/element/f.D114DAEFC179864ACB0AAA7E3426E62E.d.15A1C62E005C04595DA239F76C838A89.e.60/elements
2025-05-30T12:20:30.503Z INFO webdriver: DATA { using: 'css selector', value: '.vin' }
2025-05-30T12:20:30.513Z INFO webdriver: RESULT [
  {
    'element-6066-11e4-a52e-4f735466cecf': 'f.D114DAEFC179864ACB0AAA7E3426E62E.d.15A1C62E005C04595DA239F76C838A89.e.424'
  }
]
2025-05-30T12:20:30.520Z INFO webdriver: COMMAND findElementsFromElement("f.D114DAEFC179864ACB0AAA7E3426E62E.d.15A1C62E005C04595DA239F76C838A89.e.60", "css selector", ".vout")
2025-05-30T12:20:30.520Z INFO webdriver: [POST] http://localhost:9515/session/6ee7a1088b9729691c556aee3b0e5869/element/f.D114DAEFC179864ACB0AAA7E3426E62E.d.15A1C62E005C04595DA239F76C838A89.e.60/elements
2025-05-30T12:20:30.520Z INFO webdriver: DATA { using: 'css selector', value: '.vout' }
2025-05-30T12:20:30.529Z INFO webdriver: RESULT [
  {
    'element-6066-11e4-a52e-4f735466cecf': 'f.D114DAEFC179864ACB0AAA7E3426E62E.d.15A1C62E005C04595DA239F76C838A89.e.425'
  },
  {
    'element-6066-11e4-a52e-4f735466cecf': 'f.D114DAEFC179864ACB0AAA7E3426E62E.d.15A1C62E005C04595DA239F76C838A89.e.426'
  }
]
2025-05-30T12:20:30.538Z INFO webdriver: COMMAND findElementsFromElement("f.D114DAEFC179864ACB0AAA7E3426E62E.d.15A1C62E005C04595DA239F76C838A89.e.61", "css selector", ".vin")
2025-05-30T12:20:30.538Z INFO webdriver: [POST] http://localhost:9515/session/6ee7a1088b9729691c556aee3b0e5869/element/f.D114DAEFC179864ACB0AAA7E3426E62E.d.15A1C62E005C04595DA239F76C838A89.e.61/elements
2025-05-30T12:20:30.538Z INFO webdriver: DATA { using: 'css selector', value: '.vin' }
2025-05-30T12:20:30.547Z INFO webdriver: RESULT [
  {
    'element-6066-11e4-a52e-4f735466cecf': 'f.D114DAEFC179864ACB0AAA7E3426E62E.d.15A1C62E005C04595DA239F76C838A89.e.427'
  }
]
2025-05-30T12:20:30.553Z INFO webdriver: COMMAND findElementsFromElement("f.D114DAEFC179864ACB0AAA7E3426E62E.d.15A1C62E005C04595DA239F76C838A89.e.61", "css selector", ".vout")
2025-05-30T12:20:30.553Z INFO webdriver: [POST] http://localhost:9515/session/6ee7a1088b9729691c556aee3b0e5869/element/f.D114DAEFC179864ACB0AAA7E3426E62E.d.15A1C62E005C04595DA239F76C838A89.e.61/elements
2025-05-30T12:20:30.553Z INFO webdriver: DATA { using: 'css selector', value: '.vout' }
2025-05-30T12:20:30.562Z INFO webdriver: RESULT [
  {
    'element-6066-11e4-a52e-4f735466cecf': 'f.D114DAEFC179864ACB0AAA7E3426E62E.d.15A1C62E005C04595DA239F76C838A89.e.428'
  },
  {
    'element-6066-11e4-a52e-4f735466cecf': 'f.D114DAEFC179864ACB0AAA7E3426E62E.d.15A1C62E005C04595DA239F76C838A89.e.429'
  }
]
2025-05-30T12:20:30.592Z INFO webdriver: COMMAND getLogTypes()
2025-05-30T12:20:30.592Z INFO webdriver: [GET] http://localhost:9515/session/6ee7a1088b9729691c556aee3b0e5869/se/log/types
2025-05-30T12:20:30.596Z INFO webdriver: RESULT [ 'browser', 'driver' ]
2025-05-30T12:20:30.597Z INFO webdriver: COMMAND getLogs("driver")
2025-05-30T12:20:30.597Z INFO webdriver: [POST] http://localhost:9515/session/6ee7a1088b9729691c556aee3b0e5869/se/log
2025-05-30T12:20:30.597Z INFO webdriver: DATA { type: 'driver' }
2025-05-30T12:20:30.597Z INFO webdriver: COMMAND getLogs("browser")
2025-05-30T12:20:30.597Z INFO webdriver: [POST] http://localhost:9515/session/6ee7a1088b9729691c556aee3b0e5869/se/log
2025-05-30T12:20:30.597Z INFO webdriver: DATA { type: 'browser' }
2025-05-30T12:20:30.601Z INFO webdriver: RESULT [
  {
    level: 'WARNING',
    message: 'Deprecated chrome option is ignored: useAutomationExtension\n',
    timestamp: 1748607621115
  },
  {
    level: 'WARNING',
    message: 'Deprecated chrome option is ignored: useAutomationExtension\n',
    timestamp: 1748607621115
  },
  {
    level: 'WARNING',
    message: 'This version of ChromeDriver has not been tested with Chrome version 135.\n',
    timestamp: 1748607622942
  }
]
2025-05-30T12:20:30.602Z INFO webdriver: RESULT []
2025-05-30T12:20:30.603Z INFO webdriver: COMMAND deleteSession()
2025-05-30T12:20:30.603Z INFO webdriver: [DELETE] http://localhost:9515/session/6ee7a1088b9729691c556aee3b0e5869
